{"meta": {"format": 3, "version": "7.13.4", "timestamp": "2026-03-30T09:47:00.270805", "branch_coverage": false, "show_contexts": false}, "files": {"app\\__init__.py": {"executed_lines": [1, 2, 3, 4, 5, 8, 13, 14, 16, 22, 25, 28, 32, 35, 38, 39, 40, 41, 42, 43, 44, 45, 46, 47, 49, 50, 51, 52, 53, 54, 55, 56, 57, 60, 63, 65, 66, 67, 81, 82, 83, 84, 86, 87, 88, 89, 91, 92, 96, 97, 107, 108, 120, 121, 127, 129], "summary": {"covered_lines": 56, "num_statements": 75, "percent_covered": 74.66666666666667, "percent_covered_display": "75", "missing_lines": 19, "excluded_lines": 0, "percent_statements_covered": 74.66666666666667, "percent_statements_covered_display": "75"}, "missing_lines": [68, 69, 70, 73, 74, 75, 76, 78, 93, 94, 98, 99, 104, 105, 109, 111, 118, 122, 123], "excluded_lines": [], "functions": {"create_app": {"executed_lines": [13, 14, 16, 22, 25, 28, 32, 35, 38, 39, 40, 41, 42, 43, 44, 45, 46, 47, 49, 50, 51, 52, 53, 54, 55, 56, 57, 60, 63, 65, 66, 67, 81, 82, 83, 84, 86, 87, 91, 92, 96, 97, 107, 108, 120, 121, 127, 129], "summary": {"covered_lines": 48, "num_statements": 48, "percent_covered": 100.0, "percent_covered_display": "100", "missing_lines": 0, "excluded_lines": 0, "percent_statements_covered": 100.0, "percent_statements_covered_display": "100"}, "missing_lines": [], "excluded_lines": [], "start_line": 8}, "create_app.serve_frontend": {"executed_lines": [], "summary": {"covered_lines": 0, "num_statements": 8, "percent_covered": 0.0, "percent_covered_display": "0", "missing_lines": 8, "excluded_lines": 0, "percent_statements_covered": 0.0, "percent_statements_covered_display": "0"}, "missing_lines": [68, 69, 70, 73, 74, 75, 76, 78], "excluded_lines": [], "start_line": 67}, "create_app.handle_replyiq_error": {"executed_lines": [88, 89], "summary": {"covered_lines": 2, "num_statements": 2, "percent_covered": 100.0, "percent_covered_display": "100", "missing_lines": 0, "excluded_lines": 0, "percent_statements_covered": 100.0, "percent_statements_covered_display": "100"}, "missing_lines": [], "excluded_lines": [], "start_line": 87}, "create_app.handle_rate_limit": {"executed_lines": [], "summary": {"covered_lines": 0, "num_statements": 2, "percent_covered": 0.0, "percent_covered_display": "0", "missing_lines": 2, "excluded_lines": 0, "percent_statements_covered": 0.0, "percent_statements_covered_display": "0"}, "missing_lines": [93, 94], "excluded_lines": [], "start_line": 92}, "create_app.handle_http_exception": {"executed_lines": [], "summary": {"covered_lines": 0, "num_statements": 4, "percent_covered": 0.0, "percent_covered_display": "0", "missing_lines": 4, "excluded_lines": 0, "percent_statements_covered": 0.0, "percent_statements_covered_display": "0"}, "missing_lines": [98, 99, 104, 105], "excluded_lines": [], "start_line": 97}, "create_app.handle_unexpected_error": {"executed_lines": [], "summary": {"covered_lines": 0, "num_statements": 3, "percent_covered": 0.0, "percent_covered_display": "0", "missing_lines": 3, "excluded_lines": 0, "percent_statements_covered": 0.0, "percent_statements_covered_display": "0"}, "missing_lines": [109, 111, 118], "excluded_lines": [], "start_line": 108}, "create_app.handle_marshmallow_error": {"executed_lines": [], "summary": {"covered_lines": 0, "num_statements": 2, "percent_covered": 0.0, "percent_covered_display": "0", "missing_lines": 2, "excluded_lines": 0, "percent_statements_covered": 0.0, "percent_statements_covered_display": "0"}, "missing_lines": [122, 123], "excluded_lines": [], "start_line": 121}, "": {"executed_lines": [1, 2, 3, 4, 5, 8], "summary": {"covered_lines": 6, "num_statements": 6, "percent_covered": 100.0, "percent_covered_display": "100", "missing_lines": 0, "excluded_lines": 0, "percent_statements_covered": 100.0, "percent_statements_covered_display": "100"}, "missing_lines": [], "excluded_lines": [], "start_line": 1}}, "classes": {"": {"executed_lines": [1, 2, 3, 4, 5, 8, 13, 14, 16, 22, 25, 28, 32, 35, 38, 39, 40, 41, 42, 43, 44, 45, 46, 47, 49, 50, 51, 52, 53, 54, 55, 56, 57, 60, 63, 65, 66, 67, 81, 82, 83, 84, 86, 87, 88, 89, 91, 92, 96, 97, 107, 108, 120, 121, 127, 129], "summary": {"covered_lines": 56, "num_statements": 75, "percent_covered": 74.66666666666667, "percent_covered_display": "75", "missing_lines": 19, "excluded_lines": 0, "percent_statements_covered": 74.66666666666667, "percent_statements_covered_display": "75"}, "missing_lines": [68, 69, 70, 73, 74, 75, 76, 78, 93, 94, 98, 99, 104, 105, 109, 111, 118, 122, 123], "excluded_lines": [], "start_line": 1}}}, "app\\config.py": {"executed_lines": [1, 2, 5, 12, 15, 16, 17, 18, 20, 21, 23, 25, 26, 27, 28, 29, 31, 32, 33, 35, 36, 39, 42, 43, 44, 45, 48, 51, 54, 56, 57, 60, 63, 64, 65, 68, 71, 72, 75], "summary": {"covered_lines": 39, "num_statements": 39, "percent_covered": 100.0, "percent_covered_display": "100", "missing_lines": 0, "excluded_lines": 0, "percent_statements_covered": 100.0, "percent_statements_covered_display": "100"}, "missing_lines": [], "excluded_lines": [], "functions": {"": {"executed_lines": [1, 2, 5, 12, 15, 16, 17, 18, 20, 21, 23, 25, 26, 27, 28, 29, 31, 32, 33, 35, 36, 39, 42, 43, 44, 45, 48, 51, 54, 56, 57, 60, 63, 64, 65, 68, 71, 72, 75], "summary": {"covered_lines": 39, "num_statements": 39, "percent_covered": 100.0, "percent_covered_display": "100", "missing_lines": 0, "excluded_lines": 0, "percent_statements_covered": 100.0, "percent_statements_covered_display": "100"}, "missing_lines": [], "excluded_lines": [], "start_line": 1}}, "classes": {"Config": {"executed_lines": [], "summary": {"covered_lines": 0, "num_statements": 0, "percent_covered": 100.0, "percent_covered_display": "100", "missing_lines": 0, "excluded_lines": 0, "percent_statements_covered": 100.0, "percent_statements_covered_display": "100"}, "missing_lines": [], "excluded_lines": [], "start_line": 5}, "DevelopmentConfig": {"executed_lines": [], "summary": {"covered_lines": 0, "num_statements": 0, "percent_covered": 100.0, "percent_covered_display": "100", "missing_lines": 0, "excluded_lines": 0, "percent_statements_covered": 100.0, "percent_statements_covered_display": "100"}, "missing_lines": [], "excluded_lines": [], "start_line": 51}, "TestingConfig": {"executed_lines": [], "summary": {"covered_lines": 0, "num_statements": 0, "percent_covered": 100.0, "percent_covered_display": "100", "missing_lines": 0, "excluded_lines": 0, "percent_statements_covered": 100.0, "percent_statements_covered_display": "100"}, "missing_lines": [], "excluded_lines": [], "start_line": 60}, "ProductionConfig": {"executed_lines": [], "summary": {"covered_lines": 0, "num_statements": 0, "percent_covered": 100.0, "percent_covered_display": "100", "missing_lines": 0, "excluded_lines": 0, "percent_statements_covered": 100.0, "percent_statements_covered_display": "100"}, "missing_lines": [], "excluded_lines": [], "start_line": 68}, "": {"executed_lines": [1, 2, 5, 12, 15, 16, 17, 18, 20, 21, 23, 25, 26, 27, 28, 29, 31, 32, 33, 35, 36, 39, 42, 43, 44, 45, 48, 51, 54, 56, 57, 60, 63, 64, 65, 68, 71, 72, 75], "summary": {"covered_lines": 39, "num_statements": 39, "percent_covered": 100.0, "percent_covered_display": "100", "missing_lines": 0, "excluded_lines": 0, "percent_statements_covered": 100.0, "percent_statements_covered_display": "100"}, "missing_lines": [], "excluded_lines": [], "start_line": 1}}}, "app\\extensions.py": {"executed_lines": [6, 7, 8, 9, 10, 11, 15, 21, 24, 27], "summary": {"covered_lines": 10, "num_statements": 10, "percent_covered": 100.0, "percent_covered_display": "100", "missing_lines": 0, "excluded_lines": 0, "percent_statements_covered": 100.0, "percent_statements_covered_display": "100"}, "missing_lines": [], "excluded_lines": [], "functions": {"": {"executed_lines": [6, 7, 8, 9, 10, 11, 15, 21, 24, 27], "summary": {"covered_lines": 10, "num_statements": 10, "percent_covered": 100.0, "percent_covered_display": "100", "missing_lines": 0, "excluded_lines": 0, "percent_statements_covered": 100.0, "percent_statements_covered_display": "100"}, "missing_lines": [], "excluded_lines": [], "start_line": 1}}, "classes": {"": {"executed_lines": [6, 7, 8, 9, 10, 11, 15, 21, 24, 27], "summary": {"covered_lines": 10, "num_statements": 10, "percent_covered": 100.0, "percent_covered_display": "100", "missing_lines": 0, "excluded_lines": 0, "percent_statements_covered": 100.0, "percent_statements_covered_display": "100"}, "missing_lines": [], "excluded_lines": [], "start_line": 1}}}, "app\\models\\__init__.py": {"executed_lines": [], "summary": {"covered_lines": 0, "num_statements": 0, "percent_covered": 100.0, "percent_covered_display": "100", "missing_lines": 0, "excluded_lines": 0, "percent_statements_covered": 100.0, "percent_statements_covered_display": "100"}, "missing_lines": [], "excluded_lines": [], "functions": {"": {"executed_lines": [], "summary": {"covered_lines": 0, "num_statements": 0, "percent_covered": 100.0, "percent_covered_display": "100", "missing_lines": 0, "excluded_lines": 0, "percent_statements_covered": 100.0, "percent_statements_covered_display": "100"}, "missing_lines": [], "excluded_lines": [], "start_line": 1}}, "classes": {"": {"executed_lines": [], "summary": {"covered_lines": 0, "num_statements": 0, "percent_covered": 100.0, "percent_covered_display": "100", "missing_lines": 0, "excluded_lines": 0, "percent_statements_covered": 100.0, "percent_statements_covered_display": "100"}, "missing_lines": [], "excluded_lines": [], "start_line": 1}}}, "app\\models\\poller_model.py": {"executed_lines": [], "summary": {"covered_lines": 0, "num_statements": 0, "percent_covered": 100.0, "percent_covered_display": "100", "missing_lines": 0, "excluded_lines": 0, "percent_statements_covered": 100.0, "percent_statements_covered_display": "100"}, "missing_lines": [], "excluded_lines": [], "functions": {"": {"executed_lines": [], "summary": {"covered_lines": 0, "num_statements": 0, "percent_covered": 100.0, "percent_covered_display": "100", "missing_lines": 0, "excluded_lines": 0, "percent_statements_covered": 100.0, "percent_statements_covered_display": "100"}, "missing_lines": [], "excluded_lines": [], "start_line": 1}}, "classes": {"": {"executed_lines": [], "summary": {"covered_lines": 0, "num_statements": 0, "percent_covered": 100.0, "percent_covered_display": "100", "missing_lines": 0, "excluded_lines": 0, "percent_statements_covered": 100.0, "percent_statements_covered_display": "100"}, "missing_lines": [], "excluded_lines": [], "start_line": 1}}}, "app\\models\\reply_model.py": {"executed_lines": [8, 9, 12, 18, 19, 20, 22, 23, 52, 61], "summary": {"covered_lines": 10, "num_statements": 33, "percent_covered": 30.303030303030305, "percent_covered_display": "30", "missing_lines": 23, "excluded_lines": 0, "percent_statements_covered": 30.303030303030305, "percent_statements_covered_display": "30"}, "missing_lines": [28, 29, 30, 31, 32, 36, 37, 46, 47, 48, 49, 54, 55, 56, 57, 58, 59, 63, 64, 71, 72, 73, 74], "excluded_lines": [], "functions": {"insert_reply": {"executed_lines": [18, 19, 20, 22, 23], "summary": {"covered_lines": 5, "num_statements": 16, "percent_covered": 31.25, "percent_covered_display": "31", "missing_lines": 11, "excluded_lines": 0, "percent_statements_covered": 31.25, "percent_statements_covered_display": "31"}, "missing_lines": [28, 29, 30, 31, 32, 36, 37, 46, 47, 48, 49], "excluded_lines": [], "start_line": 12}, "get_replies_by_review": {"executed_lines": [], "summary": {"covered_lines": 0, "num_statements": 6, "percent_covered": 0.0, "percent_covered_display": "0", "missing_lines": 6, "excluded_lines": 0, "percent_statements_covered": 0.0, "percent_statements_covered_display": "0"}, "missing_lines": [54, 55, 56, 57, 58, 59], "excluded_lines": [], "start_line": 52}, "update_reply": {"executed_lines": [], "summary": {"covered_lines": 0, "num_statements": 6, "percent_covered": 0.0, "percent_covered_display": "0", "missing_lines": 6, "excluded_lines": 0, "percent_statements_covered": 0.0, "percent_statements_covered_display": "0"}, "missing_lines": [63, 64, 71, 72, 73, 74], "excluded_lines": [], "start_line": 61}, "": {"executed_lines": [8, 9, 12, 52, 61], "summary": {"covered_lines": 5, "num_statements": 5, "percent_covered": 100.0, "percent_covered_display": "100", "missing_lines": 0, "excluded_lines": 0, "percent_statements_covered": 100.0, "percent_statements_covered_display": "100"}, "missing_lines": [], "excluded_lines": [], "start_line": 1}}, "classes": {"": {"executed_lines": [8, 9, 12, 18, 19, 20, 22, 23, 52, 61], "summary": {"covered_lines": 10, "num_statements": 33, "percent_covered": 30.303030303030305, "percent_covered_display": "30", "missing_lines": 23, "excluded_lines": 0, "percent_statements_covered": 30.303030303030305, "percent_statements_covered_display": "30"}, "missing_lines": [28, 29, 30, 31, 32, 36, 37, 46, 47, 48, 49, 54, 55, 56, 57, 58, 59, 63, 64, 71, 72, 73, 74], "excluded_lines": [], "start_line": 1}}}, "app\\models\\review_model.py": {"executed_lines": [8, 9, 12, 18, 19, 20, 22, 23, 51, 68, 70, 71, 72], "summary": {"covered_lines": 13, "num_statements": 33, "percent_covered": 39.39393939393939, "percent_covered_display": "39", "missing_lines": 20, "excluded_lines": 0, "percent_statements_covered": 39.39393939393939, "percent_statements_covered_display": "39"}, "missing_lines": [28, 29, 30, 31, 32, 36, 37, 45, 46, 47, 48, 53, 54, 62, 63, 64, 65, 73, 74, 77], "excluded_lines": [], "functions": {"insert_review": {"executed_lines": [18, 19, 20, 22, 23], "summary": {"covered_lines": 5, "num_statements": 16, "percent_covered": 31.25, "percent_covered_display": "31", "missing_lines": 11, "excluded_lines": 0, "percent_statements_covered": 31.25, "percent_statements_covered_display": "31"}, "missing_lines": [28, 29, 30, 31, 32, 36, 37, 45, 46, 47, 48], "excluded_lines": [], "start_line": 12}, "get_review_by_id": {"executed_lines": [], "summary": {"covered_lines": 0, "num_statements": 6, "percent_covered": 0.0, "percent_covered_display": "0", "missing_lines": 6, "excluded_lines": 0, "percent_statements_covered": 0.0, "percent_statements_covered_display": "0"}, "missing_lines": [53, 54, 62, 63, 64, 65], "excluded_lines": [], "start_line": 51}, "update_review_status": {"executed_lines": [70, 71, 72], "summary": {"covered_lines": 3, "num_statements": 6, "percent_covered": 50.0, "percent_covered_display": "50", "missing_lines": 3, "excluded_lines": 0, "percent_statements_covered": 50.0, "percent_statements_covered_display": "50"}, "missing_lines": [73, 74, 77], "excluded_lines": [], "start_line": 68}, "": {"executed_lines": [8, 9, 12, 51, 68], "summary": {"covered_lines": 5, "num_statements": 5, "percent_covered": 100.0, "percent_covered_display": "100", "missing_lines": 0, "excluded_lines": 0, "percent_statements_covered": 100.0, "percent_statements_covered_display": "100"}, "missing_lines": [], "excluded_lines": [], "start_line": 1}}, "classes": {"": {"executed_lines": [8, 9, 12, 18, 19, 20, 22, 23, 51, 68, 70, 71, 72], "summary": {"covered_lines": 13, "num_statements": 33, "percent_covered": 39.39393939393939, "percent_covered_display": "39", "missing_lines": 20, "excluded_lines": 0, "percent_statements_covered": 39.39393939393939, "percent_statements_covered_display": "39"}, "missing_lines": [28, 29, 30, 31, 32, 36, 37, 45, 46, 47, 48, 53, 54, 62, 63, 64, 65, 73, 74, 77], "excluded_lines": [], "start_line": 1}}}, "app\\models\\token_model.py": {"executed_lines": [8, 9, 11, 12, 15, 33, 43, 60], "summary": {"covered_lines": 8, "num_statements": 23, "percent_covered": 34.78260869565217, "percent_covered_display": "35", "missing_lines": 15, "excluded_lines": 0, "percent_statements_covered": 34.78260869565217, "percent_statements_covered_display": "35"}, "missing_lines": [22, 23, 24, 26, 30, 38, 40, 50, 54, 55, 57, 65, 67, 68, 70], "excluded_lines": [], "functions": {"create_token": {"executed_lines": [], "summary": {"covered_lines": 0, "num_statements": 5, "percent_covered": 0.0, "percent_covered_display": "0", "missing_lines": 5, "excluded_lines": 0, "percent_statements_covered": 0.0, "percent_statements_covered_display": "0"}, "missing_lines": [22, 23, 24, 26, 30], "excluded_lines": [], "start_line": 15}, "get_token": {"executed_lines": [], "summary": {"covered_lines": 0, "num_statements": 2, "percent_covered": 0.0, "percent_covered_display": "0", "missing_lines": 2, "excluded_lines": 0, "percent_statements_covered": 0.0, "percent_statements_covered_display": "0"}, "missing_lines": [38, 40], "excluded_lines": [], "start_line": 33}, "consume_token": {"executed_lines": [], "summary": {"covered_lines": 0, "num_statements": 4, "percent_covered": 0.0, "percent_covered_display": "0", "missing_lines": 4, "excluded_lines": 0, "percent_statements_covered": 0.0, "percent_statements_covered_display": "0"}, "missing_lines": [50, 54, 55, 57], "excluded_lines": [], "start_line": 43}, "get_reply_for_token": {"executed_lines": [], "summary": {"covered_lines": 0, "num_statements": 4, "percent_covered": 0.0, "percent_covered_display": "0", "missing_lines": 4, "excluded_lines": 0, "percent_statements_covered": 0.0, "percent_statements_covered_display": "0"}, "missing_lines": [65, 67, 68, 70], "excluded_lines": [], "start_line": 60}, "": {"executed_lines": [8, 9, 11, 12, 15, 33, 43, 60], "summary": {"covered_lines": 8, "num_statements": 8, "percent_covered": 100.0, "percent_covered_display": "100", "missing_lines": 0, "excluded_lines": 0, "percent_statements_covered": 100.0, "percent_statements_covered_display": "100"}, "missing_lines": [], "excluded_lines": [], "start_line": 1}}, "classes": {"": {"executed_lines": [8, 9, 11, 12, 15, 33, 43, 60], "summary": {"covered_lines": 8, "num_statements": 23, "percent_covered": 34.78260869565217, "percent_covered_display": "35", "missing_lines": 15, "excluded_lines": 0, "percent_statements_covered": 34.78260869565217, "percent_statements_covered_display": "35"}, "missing_lines": [22, 23, 24, 26, 30, 38, 40, 50, 54, 55, 57, 65, 67, 68, 70], "excluded_lines": [], "start_line": 1}}}, "app\\models\\user_model.py": {"executed_lines": [1, 4, 39], "summary": {"covered_lines": 3, "num_statements": 10, "percent_covered": 30.0, "percent_covered_display": "30", "missing_lines": 7, "excluded_lines": 0, "percent_statements_covered": 30.0, "percent_statements_covered_display": "30"}, "missing_lines": [23, 36, 49, 50, 51, 52, 53], "excluded_lines": [], "functions": {"create_user": {"executed_lines": [], "summary": {"covered_lines": 0, "num_statements": 2, "percent_covered": 0.0, "percent_covered_display": "0", "missing_lines": 2, "excluded_lines": 0, "percent_statements_covered": 0.0, "percent_statements_covered_display": "0"}, "missing_lines": [23, 36], "excluded_lines": [], "start_line": 4}, "get_user_by_id": {"executed_lines": [], "summary": {"covered_lines": 0, "num_statements": 5, "percent_covered": 0.0, "percent_covered_display": "0", "missing_lines": 5, "excluded_lines": 0, "percent_statements_covered": 0.0, "percent_statements_covered_display": "0"}, "missing_lines": [49, 50, 51, 52, 53], "excluded_lines": [], "start_line": 39}, "": {"executed_lines": [1, 4, 39], "summary": {"covered_lines": 3, "num_statements": 3, "percent_covered": 100.0, "percent_covered_display": "100", "missing_lines": 0, "excluded_lines": 0, "percent_statements_covered": 100.0, "percent_statements_covered_display": "100"}, "missing_lines": [], "excluded_lines": [], "start_line": 1}}, "classes": {"": {"executed_lines": [1, 4, 39], "summary": {"covered_lines": 3, "num_statements": 10, "percent_covered": 30.0, "percent_covered_display": "30", "missing_lines": 7, "excluded_lines": 0, "percent_statements_covered": 30.0, "percent_statements_covered_display": "30"}, "missing_lines": [23, 36, 49, 50, 51, 52, 53], "excluded_lines": [], "start_line": 1}}}, "app\\routes\\__init__.py": {"executed_lines": [], "summary": {"covered_lines": 0, "num_statements": 0, "percent_covered": 100.0, "percent_covered_display": "100", "missing_lines": 0, "excluded_lines": 0, "percent_statements_covered": 100.0, "percent_statements_covered_display": "100"}, "missing_lines": [], "excluded_lines": [], "functions": {"": {"executed_lines": [], "summary": {"covered_lines": 0, "num_statements": 0, "percent_covered": 100.0, "percent_covered_display": "100", "missing_lines": 0, "excluded_lines": 0, "percent_statements_covered": 100.0, "percent_statements_covered_display": "100"}, "missing_lines": [], "excluded_lines": [], "start_line": 1}}, "classes": {"": {"executed_lines": [], "summary": {"covered_lines": 0, "num_statements": 0, "percent_covered": 100.0, "percent_covered_display": "100", "missing_lines": 0, "excluded_lines": 0, "percent_statements_covered": 100.0, "percent_statements_covered_display": "100"}, "missing_lines": [], "excluded_lines": [], "start_line": 1}}}, "app\\routes\\admin.py": {"executed_lines": [1, 2, 3, 4, 5, 7, 9, 10, 11, 83, 84, 85, 118, 119, 120], "summary": {"covered_lines": 15, "num_statements": 75, "percent_covered": 20.0, "percent_covered_display": "20", "missing_lines": 60, "excluded_lines": 0, "percent_statements_covered": 20.0, "percent_statements_covered_display": "20"}, "missing_lines": [16, 18, 19, 23, 24, 26, 27, 31, 37, 38, 39, 42, 43, 44, 45, 46, 47, 49, 50, 51, 52, 54, 55, 56, 58, 60, 77, 78, 79, 80, 89, 90, 91, 92, 94, 95, 97, 105, 107, 114, 115, 124, 125, 126, 127, 129, 130, 131, 132, 134, 136, 137, 139, 140, 141, 143, 149, 150, 151, 152], "excluded_lines": [], "functions": {"dashboard_stats": {"executed_lines": [], "summary": {"covered_lines": 0, "num_statements": 30, "percent_covered": 0.0, "percent_covered_display": "0", "missing_lines": 30, "excluded_lines": 0, "percent_statements_covered": 0.0, "percent_statements_covered_display": "0"}, "missing_lines": [16, 18, 19, 23, 24, 26, 27, 31, 37, 38, 39, 42, 43, 44, 45, 46, 47, 49, 50, 51, 52, 54, 55, 56, 58, 60, 77, 78, 79, 80], "excluded_lines": [], "start_line": 11}, "list_users": {"executed_lines": [], "summary": {"covered_lines": 0, "num_statements": 11, "percent_covered": 0.0, "percent_covered_display": "0", "missing_lines": 11, "excluded_lines": 0, "percent_statements_covered": 0.0, "percent_statements_covered_display": "0"}, "missing_lines": [89, 90, 91, 92, 94, 95, 97, 105, 107, 114, 115], "excluded_lines": [], "start_line": 85}, "update_google_config": {"executed_lines": [], "summary": {"covered_lines": 0, "num_statements": 19, "percent_covered": 0.0, "percent_covered_display": "0", "missing_lines": 19, "excluded_lines": 0, "percent_statements_covered": 0.0, "percent_statements_covered_display": "0"}, "missing_lines": [124, 125, 126, 127, 129, 130, 131, 132, 134, 136, 137, 139, 140, 141, 143, 149, 150, 151, 152], "excluded_lines": [], "start_line": 120}, "": {"executed_lines": [1, 2, 3, 4, 5, 7, 9, 10, 11, 83, 84, 85, 118, 119, 120], "summary": {"covered_lines": 15, "num_statements": 15, "percent_covered": 100.0, "percent_covered_display": "100", "missing_lines": 0, "excluded_lines": 0, "percent_statements_covered": 100.0, "percent_statements_covered_display": "100"}, "missing_lines": [], "excluded_lines": [], "start_line": 1}}, "classes": {"": {"executed_lines": [1, 2, 3, 4, 5, 7, 9, 10, 11, 83, 84, 85, 118, 119, 120], "summary": {"covered_lines": 15, "num_statements": 75, "percent_covered": 20.0, "percent_covered_display": "20", "missing_lines": 60, "excluded_lines": 0, "percent_statements_covered": 20.0, "percent_statements_covered_display": "20"}, "missing_lines": [16, 18, 19, 23, 24, 26, 27, 31, 37, 38, 39, 42, 43, 44, 45, 46, 47, 49, 50, 51, 52, 54, 55, 56, 58, 60, 77, 78, 79, 80, 89, 90, 91, 92, 94, 95, 97, 105, 107, 114, 115, 124, 125, 126, 127, 129, 130, 131, 132, 134, 136, 137, 139, 140, 141, 143, 149, 150, 151, 152], "excluded_lines": [], "start_line": 1}}}, "app\\routes\\analytics.py": {"executed_lines": [8, 9, 10, 11, 13, 16, 17, 44, 45, 46], "summary": {"covered_lines": 10, "num_statements": 60, "percent_covered": 16.666666666666668, "percent_covered_display": "17", "missing_lines": 50, "excluded_lines": 0, "percent_statements_covered": 16.666666666666668, "percent_statements_covered_display": "17"}, "missing_lines": [22, 23, 24, 26, 27, 31, 32, 36, 37, 39, 40, 41, 54, 58, 60, 68, 70, 72, 73, 82, 83, 84, 85, 86, 89, 90, 92, 93, 94, 95, 97, 98, 99, 100, 102, 103, 105, 106, 107, 108, 109, 112, 113, 114, 115, 116, 117, 118, 124, 126], "excluded_lines": [], "functions": {"capture_lead": {"executed_lines": [], "summary": {"covered_lines": 0, "num_statements": 12, "percent_covered": 0.0, "percent_covered_display": "0", "missing_lines": 12, "excluded_lines": 0, "percent_statements_covered": 0.0, "percent_statements_covered_display": "0"}, "missing_lines": [22, 23, 24, 26, 27, 31, 32, 36, 37, 39, 40, 41], "excluded_lines": [], "start_line": 17}, "dashboard_overview": {"executed_lines": [], "summary": {"covered_lines": 0, "num_statements": 38, "percent_covered": 0.0, "percent_covered_display": "0", "missing_lines": 38, "excluded_lines": 0, "percent_statements_covered": 0.0, "percent_statements_covered_display": "0"}, "missing_lines": [54, 58, 60, 68, 70, 72, 73, 82, 83, 84, 85, 86, 89, 90, 92, 93, 94, 95, 97, 98, 99, 100, 102, 103, 105, 106, 107, 108, 109, 112, 113, 114, 115, 116, 117, 118, 124, 126], "excluded_lines": [], "start_line": 46}, "": {"executed_lines": [8, 9, 10, 11, 13, 16, 17, 44, 45, 46], "summary": {"covered_lines": 10, "num_statements": 10, "percent_covered": 100.0, "percent_covered_display": "100", "missing_lines": 0, "excluded_lines": 0, "percent_statements_covered": 100.0, "percent_statements_covered_display": "100"}, "missing_lines": [], "excluded_lines": [], "start_line": 1}}, "classes": {"": {"executed_lines": [8, 9, 10, 11, 13, 16, 17, 44, 45, 46], "summary": {"covered_lines": 10, "num_statements": 60, "percent_covered": 16.666666666666668, "percent_covered_display": "17", "missing_lines": 50, "excluded_lines": 0, "percent_statements_covered": 16.666666666666668, "percent_statements_covered_display": "17"}, "missing_lines": [22, 23, 24, 26, 27, 31, 32, 36, 37, 39, 40, 41, 54, 58, 60, 68, 70, 72, 73, 82, 83, 84, 85, 86, 89, 90, 92, 93, 94, 95, 97, 98, 99, 100, 102, 103, 105, 106, 107, 108, 109, 112, 113, 114, 115, 116, 117, 118, 124, 126], "excluded_lines": [], "start_line": 1}}}, "app\\routes\\approvals.py": {"executed_lines": [8, 9, 11, 12, 13, 14, 16, 22, 23, 28, 29, 30, 32, 33, 34, 36, 37, 39, 40, 43, 57, 58, 65, 66, 69, 70, 73, 77, 79, 80, 83, 84, 87, 88, 93, 95], "summary": {"covered_lines": 36, "num_statements": 41, "percent_covered": 87.8048780487805, "percent_covered_display": "88", "missing_lines": 5, "excluded_lines": 0, "percent_statements_covered": 87.8048780487805, "percent_statements_covered_display": "88"}, "missing_lines": [41, 67, 71, 74, 81], "excluded_lines": [], "functions": {"get_approval": {"executed_lines": [28, 29, 30, 32, 33, 34, 36, 37, 39, 40, 43], "summary": {"covered_lines": 11, "num_statements": 12, "percent_covered": 91.66666666666667, "percent_covered_display": "92", "missing_lines": 1, "excluded_lines": 0, "percent_statements_covered": 91.66666666666667, "percent_statements_covered_display": "92"}, "missing_lines": [41], "excluded_lines": [], "start_line": 23}, "post_approval": {"executed_lines": [65, 66, 69, 70, 73, 77, 79, 80, 83, 84, 87, 88, 93, 95], "summary": {"covered_lines": 14, "num_statements": 18, "percent_covered": 77.77777777777777, "percent_covered_display": "78", "missing_lines": 4, "excluded_lines": 0, "percent_statements_covered": 77.77777777777777, "percent_statements_covered_display": "78"}, "missing_lines": [67, 71, 74, 81], "excluded_lines": [], "start_line": 58}, "": {"executed_lines": [8, 9, 11, 12, 13, 14, 16, 22, 23, 57, 58], "summary": {"covered_lines": 11, "num_statements": 11, "percent_covered": 100.0, "percent_covered_display": "100", "missing_lines": 0, "excluded_lines": 0, "percent_statements_covered": 100.0, "percent_statements_covered_display": "100"}, "missing_lines": [], "excluded_lines": [], "start_line": 1}}, "classes": {"": {"executed_lines": [8, 9, 11, 12, 13, 14, 16, 22, 23, 28, 29, 30, 32, 33, 34, 36, 37, 39, 40, 43, 57, 58, 65, 66, 69, 70, 73, 77, 79, 80, 83, 84, 87, 88, 93, 95], "summary": {"covered_lines": 36, "num_statements": 41, "percent_covered": 87.8048780487805, "percent_covered_display": "88", "missing_lines": 5, "excluded_lines": 0, "percent_statements_covered": 87.8048780487805, "percent_statements_covered_display": "88"}, "missing_lines": [41, 67, 71, 74, 81], "excluded_lines": [], "start_line": 1}}}, "app\\routes\\auth.py": {"executed_lines": [1, 2, 4, 5, 6, 14, 15, 16, 17, 19, 22, 29, 30, 40, 42, 43, 54, 55, 56, 57, 58, 61, 62, 68, 69, 70, 72, 74, 75, 81, 84, 89, 90, 104, 108, 111, 112, 113, 119, 120, 121, 122, 123, 125, 126, 132, 133, 135, 137, 139, 142, 143, 147, 148, 149, 155, 156, 157, 166, 167, 168, 169, 175, 176, 177, 178, 179, 180, 181, 182, 188, 189, 190, 191, 217, 218, 219, 220, 244, 245, 246, 247, 272, 273, 274, 275], "summary": {"covered_lines": 86, "num_statements": 149, "percent_covered": 57.718120805369125, "percent_covered_display": "58", "missing_lines": 63, "excluded_lines": 0, "percent_statements_covered": 57.718120805369125, "percent_statements_covered_display": "58"}, "missing_lines": [73, 76, 77, 79, 82, 97, 98, 99, 100, 101, 102, 109, 136, 140, 145, 158, 159, 160, 197, 198, 199, 201, 202, 206, 207, 209, 211, 225, 226, 227, 229, 231, 232, 233, 234, 235, 236, 238, 252, 253, 254, 256, 257, 262, 263, 264, 266, 281, 282, 284, 286, 287, 288, 290, 291, 292, 294, 295, 296, 297, 299, 300, 301], "excluded_lines": [], "functions": {"_set_session_cookie": {"executed_lines": [29, 30], "summary": {"covered_lines": 2, "num_statements": 2, "percent_covered": 100.0, "percent_covered_display": "100", "missing_lines": 0, "excluded_lines": 0, "percent_statements_covered": 100.0, "percent_statements_covered_display": "100"}, "missing_lines": [], "excluded_lines": [], "start_line": 22}, "_clear_session_cookie": {"executed_lines": [42, 43], "summary": {"covered_lines": 2, "num_statements": 2, "percent_covered": 100.0, "percent_covered_display": "100", "missing_lines": 0, "excluded_lines": 0, "percent_statements_covered": 100.0, "percent_statements_covered_display": "100"}, "missing_lines": [], "excluded_lines": [], "start_line": 40}, "signup": {"executed_lines": [58, 61, 62, 68, 69, 70, 72, 74, 75, 81, 84, 89, 90, 104, 108, 111, 112, 113], "summary": {"covered_lines": 18, "num_statements": 30, "percent_covered": 60.0, "percent_covered_display": "60", "missing_lines": 12, "excluded_lines": 0, "percent_statements_covered": 60.0, "percent_statements_covered_display": "60"}, "missing_lines": [73, 76, 77, 79, 82, 97, 98, 99, 100, 101, 102, 109], "excluded_lines": [], "start_line": 57}, "login": {"executed_lines": [123, 125, 126, 132, 133, 135, 137, 139, 142, 143, 147, 148, 149], "summary": {"covered_lines": 13, "num_statements": 16, "percent_covered": 81.25, "percent_covered_display": "81", "missing_lines": 3, "excluded_lines": 0, "percent_statements_covered": 81.25, "percent_statements_covered_display": "81"}, "missing_lines": [136, 140, 145], "excluded_lines": [], "start_line": 122}, "logout": {"executed_lines": [], "summary": {"covered_lines": 0, "num_statements": 3, "percent_covered": 0.0, "percent_covered_display": "0", "missing_lines": 3, "excluded_lines": 0, "percent_statements_covered": 0.0, "percent_statements_covered_display": "0"}, "missing_lines": [158, 159, 160], "excluded_lines": [], "start_line": 157}, "me": {"executed_lines": [169], "summary": {"covered_lines": 1, "num_statements": 1, "percent_covered": 100.0, "percent_covered_display": "100", "missing_lines": 0, "excluded_lines": 0, "percent_statements_covered": 100.0, "percent_statements_covered_display": "100"}, "missing_lines": [], "excluded_lines": [], "start_line": 168}, "delete_account": {"executed_lines": [178, 179, 180, 181, 182], "summary": {"covered_lines": 5, "num_statements": 5, "percent_covered": 100.0, "percent_covered_display": "100", "missing_lines": 0, "excluded_lines": 0, "percent_statements_covered": 100.0, "percent_statements_covered_display": "100"}, "missing_lines": [], "excluded_lines": [], "start_line": 177}, "forgot_password": {"executed_lines": [], "summary": {"covered_lines": 0, "num_statements": 9, "percent_covered": 0.0, "percent_covered_display": "0", "missing_lines": 9, "excluded_lines": 0, "percent_statements_covered": 0.0, "percent_statements_covered_display": "0"}, "missing_lines": [197, 198, 199, 201, 202, 206, 207, 209, 211], "excluded_lines": [], "start_line": 191}, "reset_password": {"executed_lines": [], "summary": {"covered_lines": 0, "num_statements": 11, "percent_covered": 0.0, "percent_covered_display": "0", "missing_lines": 11, "excluded_lines": 0, "percent_statements_covered": 0.0, "percent_statements_covered_display": "0"}, "missing_lines": [225, 226, 227, 229, 231, 232, 233, 234, 235, 236, 238], "excluded_lines": [], "start_line": 220}, "resend_verification": {"executed_lines": [], "summary": {"covered_lines": 0, "num_statements": 9, "percent_covered": 0.0, "percent_covered_display": "0", "missing_lines": 9, "excluded_lines": 0, "percent_statements_covered": 0.0, "percent_statements_covered_display": "0"}, "missing_lines": [252, 253, 254, 256, 257, 262, 263, 264, 266], "excluded_lines": [], "start_line": 247}, "verify_email": {"executed_lines": [], "summary": {"covered_lines": 0, "num_statements": 16, "percent_covered": 0.0, "percent_covered_display": "0", "missing_lines": 16, "excluded_lines": 0, "percent_statements_covered": 0.0, "percent_statements_covered_display": "0"}, "missing_lines": [281, 282, 284, 286, 287, 288, 290, 291, 292, 294, 295, 296, 297, 299, 300, 301], "excluded_lines": [], "start_line": 275}, "": {"executed_lines": [1, 2, 4, 5, 6, 14, 15, 16, 17, 19, 22, 40, 54, 55, 56, 57, 119, 120, 121, 122, 155, 156, 157, 166, 167, 168, 175, 176, 177, 188, 189, 190, 191, 217, 218, 219, 220, 244, 245, 246, 247, 272, 273, 274, 275], "summary": {"covered_lines": 45, "num_statements": 45, "percent_covered": 100.0, "percent_covered_display": "100", "missing_lines": 0, "excluded_lines": 0, "percent_statements_covered": 100.0, "percent_statements_covered_display": "100"}, "missing_lines": [], "excluded_lines": [], "start_line": 1}}, "classes": {"": {"executed_lines": [1, 2, 4, 5, 6, 14, 15, 16, 17, 19, 22, 29, 30, 40, 42, 43, 54, 55, 56, 57, 58, 61, 62, 68, 69, 70, 72, 74, 75, 81, 84, 89, 90, 104, 108, 111, 112, 113, 119, 120, 121, 122, 123, 125, 126, 132, 133, 135, 137, 139, 142, 143, 147, 148, 149, 155, 156, 157, 166, 167, 168, 169, 175, 176, 177, 178, 179, 180, 181, 182, 188, 189, 190, 191, 217, 218, 219, 220, 244, 245, 246, 247, 272, 273, 274, 275], "summary": {"covered_lines": 86, "num_statements": 149, "percent_covered": 57.718120805369125, "percent_covered_display": "58", "missing_lines": 63, "excluded_lines": 0, "percent_statements_covered": 57.718120805369125, "percent_statements_covered_display": "58"}, "missing_lines": [73, 76, 77, 79, 82, 97, 98, 99, 100, 101, 102, 109, 136, 140, 145, 158, 159, 160, 197, 198, 199, 201, 202, 206, 207, 209, 211, 225, 226, 227, 229, 231, 232, 233, 234, 235, 236, 238, 252, 253, 254, 256, 257, 262, 263, 264, 266, 281, 282, 284, 286, 287, 288, 290, 291, 292, 294, 295, 296, 297, 299, 300, 301], "excluded_lines": [], "start_line": 1}}}, "app\\routes\\health.py": {"executed_lines": [1, 2, 3, 4, 6, 9, 10, 12, 15, 16, 17, 18, 19, 20, 22, 24], "summary": {"covered_lines": 16, "num_statements": 16, "percent_covered": 100.0, "percent_covered_display": "100", "missing_lines": 0, "excluded_lines": 0, "percent_statements_covered": 100.0, "percent_statements_covered_display": "100"}, "missing_lines": [], "excluded_lines": [], "functions": {"health": {"executed_lines": [12, 15, 16, 17, 18, 19, 20, 22, 24], "summary": {"covered_lines": 9, "num_statements": 9, "percent_covered": 100.0, "percent_covered_display": "100", "missing_lines": 0, "excluded_lines": 0, "percent_statements_covered": 100.0, "percent_statements_covered_display": "100"}, "missing_lines": [], "excluded_lines": [], "start_line": 10}, "": {"executed_lines": [1, 2, 3, 4, 6, 9, 10], "summary": {"covered_lines": 7, "num_statements": 7, "percent_covered": 100.0, "percent_covered_display": "100", "missing_lines": 0, "excluded_lines": 0, "percent_statements_covered": 100.0, "percent_statements_covered_display": "100"}, "missing_lines": [], "excluded_lines": [], "start_line": 1}}, "classes": {"": {"executed_lines": [1, 2, 3, 4, 6, 9, 10, 12, 15, 16, 17, 18, 19, 20, 22, 24], "summary": {"covered_lines": 16, "num_statements": 16, "percent_covered": 100.0, "percent_covered_display": "100", "missing_lines": 0, "excluded_lines": 0, "percent_statements_covered": 100.0, "percent_statements_covered_display": "100"}, "missing_lines": [], "excluded_lines": [], "start_line": 1}}}, "app\\routes\\payments.py": {"executed_lines": [10, 12, 13, 14, 17, 23, 24, 25, 52, 53, 59, 60, 62, 65, 66, 72, 73, 74, 92, 93, 94], "summary": {"covered_lines": 21, "num_statements": 41, "percent_covered": 51.21951219512195, "percent_covered_display": "51", "missing_lines": 20, "excluded_lines": 0, "percent_statements_covered": 51.21951219512195, "percent_statements_covered_display": "51"}, "missing_lines": [30, 31, 32, 34, 35, 40, 46, 63, 79, 80, 82, 83, 85, 86, 99, 100, 101, 102, 104, 110], "excluded_lines": [], "functions": {"checkout": {"executed_lines": [], "summary": {"covered_lines": 0, "num_statements": 7, "percent_covered": 0.0, "percent_covered_display": "0", "missing_lines": 7, "excluded_lines": 0, "percent_statements_covered": 0.0, "percent_statements_covered_display": "0"}, "missing_lines": [30, 31, 32, 34, 35, 40, 46], "excluded_lines": [], "start_line": 25}, "webhook": {"executed_lines": [59, 60, 62, 65, 66], "summary": {"covered_lines": 5, "num_statements": 6, "percent_covered": 83.33333333333333, "percent_covered_display": "83", "missing_lines": 1, "excluded_lines": 0, "percent_statements_covered": 83.33333333333333, "percent_statements_covered_display": "83"}, "missing_lines": [63], "excluded_lines": [], "start_line": 53}, "portal": {"executed_lines": [], "summary": {"covered_lines": 0, "num_statements": 6, "percent_covered": 0.0, "percent_covered_display": "0", "missing_lines": 6, "excluded_lines": 0, "percent_statements_covered": 0.0, "percent_statements_covered_display": "0"}, "missing_lines": [79, 80, 82, 83, 85, 86], "excluded_lines": [], "start_line": 74}, "cancel": {"executed_lines": [], "summary": {"covered_lines": 0, "num_statements": 6, "percent_covered": 0.0, "percent_covered_display": "0", "missing_lines": 6, "excluded_lines": 0, "percent_statements_covered": 0.0, "percent_statements_covered_display": "0"}, "missing_lines": [99, 100, 101, 102, 104, 110], "excluded_lines": [], "start_line": 94}, "": {"executed_lines": [10, 12, 13, 14, 17, 23, 24, 25, 52, 53, 72, 73, 74, 92, 93, 94], "summary": {"covered_lines": 16, "num_statements": 16, "percent_covered": 100.0, "percent_covered_display": "100", "missing_lines": 0, "excluded_lines": 0, "percent_statements_covered": 100.0, "percent_statements_covered_display": "100"}, "missing_lines": [], "excluded_lines": [], "start_line": 1}}, "classes": {"": {"executed_lines": [10, 12, 13, 14, 17, 23, 24, 25, 52, 53, 59, 60, 62, 65, 66, 72, 73, 74, 92, 93, 94], "summary": {"covered_lines": 21, "num_statements": 41, "percent_covered": 51.21951219512195, "percent_covered_display": "51", "missing_lines": 20, "excluded_lines": 0, "percent_statements_covered": 51.21951219512195, "percent_statements_covered_display": "51"}, "missing_lines": [30, 31, 32, 34, 35, 40, 46, 63, 79, 80, 82, 83, 85, 86, 99, 100, 101, 102, 104, 110], "excluded_lines": [], "start_line": 1}}}, "app\\routes\\poller.py": {"executed_lines": [1, 2, 3, 4, 5, 6, 8, 10, 11, 12], "summary": {"covered_lines": 10, "num_statements": 23, "percent_covered": 43.47826086956522, "percent_covered_display": "43", "missing_lines": 13, "excluded_lines": 0, "percent_statements_covered": 43.47826086956522, "percent_statements_covered_display": "43"}, "missing_lines": [17, 18, 19, 22, 23, 25, 26, 28, 29, 30, 35, 36, 37], "excluded_lines": [], "functions": {"trigger_poller": {"executed_lines": [], "summary": {"covered_lines": 0, "num_statements": 13, "percent_covered": 0.0, "percent_covered_display": "0", "missing_lines": 13, "excluded_lines": 0, "percent_statements_covered": 0.0, "percent_statements_covered_display": "0"}, "missing_lines": [17, 18, 19, 22, 23, 25, 26, 28, 29, 30, 35, 36, 37], "excluded_lines": [], "start_line": 12}, "": {"executed_lines": [1, 2, 3, 4, 5, 6, 8, 10, 11, 12], "summary": {"covered_lines": 10, "num_statements": 10, "percent_covered": 100.0, "percent_covered_display": "100", "missing_lines": 0, "excluded_lines": 0, "percent_statements_covered": 100.0, "percent_statements_covered_display": "100"}, "missing_lines": [], "excluded_lines": [], "start_line": 1}}, "classes": {"": {"executed_lines": [1, 2, 3, 4, 5, 6, 8, 10, 11, 12], "summary": {"covered_lines": 10, "num_statements": 23, "percent_covered": 43.47826086956522, "percent_covered_display": "43", "missing_lines": 13, "excluded_lines": 0, "percent_statements_covered": 43.47826086956522, "percent_statements_covered_display": "43"}, "missing_lines": [17, 18, 19, 22, 23, 25, 26, 28, 29, 30, 35, 36, 37], "excluded_lines": [], "start_line": 1}}}, "app\\routes\\reviews.py": {"executed_lines": [8, 9, 10, 12, 13, 14, 15, 17, 18, 20, 21, 22, 25, 30, 31, 32, 33, 34, 38, 39, 40, 43, 48, 56, 57, 61, 62, 64, 75, 78, 79, 82, 95, 96, 100, 103, 104, 109, 118, 121, 122, 123, 124, 216, 217, 218, 219, 220, 225, 226, 227, 228, 231, 232, 236, 239, 240, 242, 243, 247, 250, 251, 262, 263, 264, 267, 277, 278, 284, 290, 291, 292, 297, 300, 301, 305, 306, 311, 313, 316, 317, 319, 320, 323, 329, 331, 338, 339, 341, 352, 353, 354, 355, 379, 380, 381], "summary": {"covered_lines": 96, "num_statements": 160, "percent_covered": 60.0, "percent_covered_display": "60", "missing_lines": 64, "excluded_lines": 0, "percent_statements_covered": 60.0, "percent_statements_covered_display": "60"}, "missing_lines": [58, 97, 105, 106, 131, 132, 135, 145, 146, 148, 151, 152, 158, 161, 162, 164, 175, 176, 177, 180, 192, 193, 194, 200, 201, 202, 203, 205, 213, 233, 234, 244, 245, 280, 281, 282, 302, 303, 307, 308, 318, 330, 359, 360, 363, 367, 368, 369, 372, 374, 376, 386, 388, 390, 400, 401, 402, 403, 404, 406, 418, 420, 421, 422], "excluded_lines": [], "functions": {"generate": {"executed_lines": [38, 39, 40, 43, 48, 56, 57, 61, 62, 64, 75, 78, 79, 82, 95, 96, 100, 103, 104, 109, 118], "summary": {"covered_lines": 21, "num_statements": 25, "percent_covered": 84.0, "percent_covered_display": "84", "missing_lines": 4, "excluded_lines": 0, "percent_statements_covered": 84.0, "percent_statements_covered_display": "84"}, "missing_lines": [58, 97, 105, 106], "excluded_lines": [], "start_line": 34}, "generate_for_existing": {"executed_lines": [], "summary": {"covered_lines": 0, "num_statements": 25, "percent_covered": 0.0, "percent_covered_display": "0", "missing_lines": 25, "excluded_lines": 0, "percent_statements_covered": 0.0, "percent_statements_covered_display": "0"}, "missing_lines": [131, 132, 135, 145, 146, 148, 151, 152, 158, 161, 162, 164, 175, 176, 177, 180, 192, 193, 194, 200, 201, 202, 203, 205, 213], "excluded_lines": [], "start_line": 124}, "bulk_generate": {"executed_lines": [225, 226, 227, 228, 231, 232, 236, 239, 240, 242, 243, 247, 250, 251, 262, 263, 264, 267, 277, 278, 284], "summary": {"covered_lines": 21, "num_statements": 28, "percent_covered": 75.0, "percent_covered_display": "75", "missing_lines": 7, "excluded_lines": 0, "percent_statements_covered": 75.0, "percent_statements_covered_display": "75"}, "missing_lines": [233, 234, 244, 245, 280, 281, 282], "excluded_lines": [], "start_line": 220}, "history": {"executed_lines": [297, 300, 301, 305, 306, 311, 313, 316, 317, 319, 320, 323, 329, 331, 338, 339, 341], "summary": {"covered_lines": 17, "num_statements": 23, "percent_covered": 73.91304347826087, "percent_covered_display": "74", "missing_lines": 6, "excluded_lines": 0, "percent_statements_covered": 73.91304347826087, "percent_statements_covered_display": "74"}, "missing_lines": [302, 303, 307, 308, 318, 330], "excluded_lines": [], "start_line": 292}, "confirm_and_send": {"executed_lines": [], "summary": {"covered_lines": 0, "num_statements": 9, "percent_covered": 0.0, "percent_covered_display": "0", "missing_lines": 9, "excluded_lines": 0, "percent_statements_covered": 0.0, "percent_statements_covered_display": "0"}, "missing_lines": [359, 360, 363, 367, 368, 369, 372, 374, 376], "excluded_lines": [], "start_line": 355}, "activity_feed": {"executed_lines": [], "summary": {"covered_lines": 0, "num_statements": 13, "percent_covered": 0.0, "percent_covered_display": "0", "missing_lines": 13, "excluded_lines": 0, "percent_statements_covered": 0.0, "percent_statements_covered_display": "0"}, "missing_lines": [386, 388, 390, 400, 401, 402, 403, 404, 406, 418, 420, 421, 422], "excluded_lines": [], "start_line": 381}, "": {"executed_lines": [8, 9, 10, 12, 13, 14, 15, 17, 18, 20, 21, 22, 25, 30, 31, 32, 33, 34, 121, 122, 123, 124, 216, 217, 218, 219, 220, 290, 291, 292, 352, 353, 354, 355, 379, 380, 381], "summary": {"covered_lines": 37, "num_statements": 37, "percent_covered": 100.0, "percent_covered_display": "100", "missing_lines": 0, "excluded_lines": 0, "percent_statements_covered": 100.0, "percent_statements_covered_display": "100"}, "missing_lines": [], "excluded_lines": [], "start_line": 1}}, "classes": {"": {"executed_lines": [8, 9, 10, 12, 13, 14, 15, 17, 18, 20, 21, 22, 25, 30, 31, 32, 33, 34, 38, 39, 40, 43, 48, 56, 57, 61, 62, 64, 75, 78, 79, 82, 95, 96, 100, 103, 104, 109, 118, 121, 122, 123, 124, 216, 217, 218, 219, 220, 225, 226, 227, 228, 231, 232, 236, 239, 240, 242, 243, 247, 250, 251, 262, 263, 264, 267, 277, 278, 284, 290, 291, 292, 297, 300, 301, 305, 306, 311, 313, 316, 317, 319, 320, 323, 329, 331, 338, 339, 341, 352, 353, 354, 355, 379, 380, 381], "summary": {"covered_lines": 96, "num_statements": 160, "percent_covered": 60.0, "percent_covered_display": "60", "missing_lines": 64, "excluded_lines": 0, "percent_statements_covered": 60.0, "percent_statements_covered_display": "60"}, "missing_lines": [58, 97, 105, 106, 131, 132, 135, 145, 146, 148, 151, 152, 158, 161, 162, 164, 175, 176, 177, 180, 192, 193, 194, 200, 201, 202, 203, 205, 213, 233, 234, 244, 245, 280, 281, 282, 302, 303, 307, 308, 318, 330, 359, 360, 363, 367, 368, 369, 372, 374, 376, 386, 388, 390, 400, 401, 402, 403, 404, 406, 418, 420, 421, 422], "excluded_lines": [], "start_line": 1}}}, "app\\routes\\settings.py": {"executed_lines": [8, 9, 11, 12, 13, 14, 17, 20, 34, 36, 37, 39, 42, 43, 44, 48, 49, 50, 53, 54, 55, 60, 62, 63, 64, 69, 71, 76, 78, 79], "summary": {"covered_lines": 30, "num_statements": 35, "percent_covered": 85.71428571428571, "percent_covered_display": "86", "missing_lines": 5, "excluded_lines": 0, "percent_statements_covered": 85.71428571428571, "percent_statements_covered_display": "86"}, "missing_lines": [38, 65, 66, 73, 74], "excluded_lines": [], "functions": {"_fetch_settings": {"executed_lines": [36, 37, 39], "summary": {"covered_lines": 3, "num_statements": 4, "percent_covered": 75.0, "percent_covered_display": "75", "missing_lines": 1, "excluded_lines": 0, "percent_statements_covered": 75.0, "percent_statements_covered_display": "75"}, "missing_lines": [38], "excluded_lines": [], "start_line": 34}, "get_settings": {"executed_lines": [48, 49, 50], "summary": {"covered_lines": 3, "num_statements": 3, "percent_covered": 100.0, "percent_covered_display": "100", "missing_lines": 0, "excluded_lines": 0, "percent_statements_covered": 100.0, "percent_statements_covered_display": "100"}, "missing_lines": [], "excluded_lines": [], "start_line": 44}, "update_settings": {"executed_lines": [60, 62, 63, 64, 69, 71, 76, 78, 79], "summary": {"covered_lines": 9, "num_statements": 13, "percent_covered": 69.23076923076923, "percent_covered_display": "69", "missing_lines": 4, "excluded_lines": 0, "percent_statements_covered": 69.23076923076923, "percent_statements_covered_display": "69"}, "missing_lines": [65, 66, 73, 74], "excluded_lines": [], "start_line": 55}, "": {"executed_lines": [8, 9, 11, 12, 13, 14, 17, 20, 34, 42, 43, 44, 53, 54, 55], "summary": {"covered_lines": 15, "num_statements": 15, "percent_covered": 100.0, "percent_covered_display": "100", "missing_lines": 0, "excluded_lines": 0, "percent_statements_covered": 100.0, "percent_statements_covered_display": "100"}, "missing_lines": [], "excluded_lines": [], "start_line": 1}}, "classes": {"": {"executed_lines": [8, 9, 11, 12, 13, 14, 17, 20, 34, 36, 37, 39, 42, 43, 44, 48, 49, 50, 53, 54, 55, 60, 62, 63, 64, 69, 71, 76, 78, 79], "summary": {"covered_lines": 30, "num_statements": 35, "percent_covered": 85.71428571428571, "percent_covered_display": "86", "missing_lines": 5, "excluded_lines": 0, "percent_statements_covered": 85.71428571428571, "percent_statements_covered_display": "86"}, "missing_lines": [38, 65, 66, 73, 74], "excluded_lines": [], "start_line": 1}}}, "app\\routes\\webhooks.py": {"executed_lines": [1, 2, 3, 4, 5, 6, 7, 8, 9, 10, 11, 13, 15, 20, 21, 22, 24, 25], "summary": {"covered_lines": 18, "num_statements": 62, "percent_covered": 29.032258064516128, "percent_covered_display": "29", "missing_lines": 44, "excluded_lines": 0, "percent_statements_covered": 29.032258064516128, "percent_statements_covered_display": "29"}, "missing_lines": [32, 37, 38, 39, 40, 41, 43, 45, 46, 49, 50, 52, 53, 54, 56, 57, 58, 59, 63, 65, 73, 74, 75, 76, 78, 81, 82, 83, 85, 93, 96, 103, 106, 109, 111, 114, 115, 121, 122, 125, 126, 127, 128, 130], "excluded_lines": [], "functions": {"handle_inbound_email": {"executed_lines": [], "summary": {"covered_lines": 0, "num_statements": 44, "percent_covered": 0.0, "percent_covered_display": "0", "missing_lines": 44, "excluded_lines": 0, "percent_statements_covered": 0.0, "percent_statements_covered_display": "0"}, "missing_lines": [32, 37, 38, 39, 40, 41, 43, 45, 46, 49, 50, 52, 53, 54, 56, 57, 58, 59, 63, 65, 73, 74, 75, 76, 78, 81, 82, 83, 85, 93, 96, 103, 106, 109, 111, 114, 115, 121, 122, 125, 126, 127, 128, 130], "excluded_lines": [], "start_line": 25}, "": {"executed_lines": [1, 2, 3, 4, 5, 6, 7, 8, 9, 10, 11, 13, 15, 20, 21, 22, 24, 25], "summary": {"covered_lines": 18, "num_statements": 18, "percent_covered": 100.0, "percent_covered_display": "100", "missing_lines": 0, "excluded_lines": 0, "percent_statements_covered": 100.0, "percent_statements_covered_display": "100"}, "missing_lines": [], "excluded_lines": [], "start_line": 1}}, "classes": {"InboundEmailSchema": {"executed_lines": [], "summary": {"covered_lines": 0, "num_statements": 0, "percent_covered": 100.0, "percent_covered_display": "100", "missing_lines": 0, "excluded_lines": 0, "percent_statements_covered": 100.0, "percent_statements_covered_display": "100"}, "missing_lines": [], "excluded_lines": [], "start_line": 15}, "": {"executed_lines": [1, 2, 3, 4, 5, 6, 7, 8, 9, 10, 11, 13, 15, 20, 21, 22, 24, 25], "summary": {"covered_lines": 18, "num_statements": 62, "percent_covered": 29.032258064516128, "percent_covered_display": "29", "missing_lines": 44, "excluded_lines": 0, "percent_statements_covered": 29.032258064516128, "percent_statements_covered_display": "29"}, "missing_lines": [32, 37, 38, 39, 40, 41, 43, 45, 46, 49, 50, 52, 53, 54, 56, 57, 58, 59, 63, 65, 73, 74, 75, 76, 78, 81, 82, 83, 85, 93, 96, 103, 106, 109, 111, 114, 115, 121, 122, 125, 126, 127, 128, 130], "excluded_lines": [], "start_line": 1}}}, "app\\schemas\\__init__.py": {"executed_lines": [], "summary": {"covered_lines": 0, "num_statements": 0, "percent_covered": 100.0, "percent_covered_display": "100", "missing_lines": 0, "excluded_lines": 0, "percent_statements_covered": 100.0, "percent_statements_covered_display": "100"}, "missing_lines": [], "excluded_lines": [], "functions": {"": {"executed_lines": [], "summary": {"covered_lines": 0, "num_statements": 0, "percent_covered": 100.0, "percent_covered_display": "100", "missing_lines": 0, "excluded_lines": 0, "percent_statements_covered": 100.0, "percent_statements_covered_display": "100"}, "missing_lines": [], "excluded_lines": [], "start_line": 1}}, "classes": {"": {"executed_lines": [], "summary": {"covered_lines": 0, "num_statements": 0, "percent_covered": 100.0, "percent_covered_display": "100", "missing_lines": 0, "excluded_lines": 0, "percent_statements_covered": 100.0, "percent_statements_covered_display": "100"}, "missing_lines": [], "excluded_lines": [], "start_line": 1}}}, "app\\schemas\\auth_schema.py": {"executed_lines": [1, 4, 5, 8, 13, 18, 24, 32, 33, 36, 39, 40, 46, 47, 51, 58, 59, 65, 66], "summary": {"covered_lines": 19, "num_statements": 19, "percent_covered": 100.0, "percent_covered_display": "100", "missing_lines": 0, "excluded_lines": 0, "percent_statements_covered": 100.0, "percent_statements_covered_display": "100"}, "missing_lines": [], "excluded_lines": [], "functions": {"": {"executed_lines": [1, 4, 5, 8, 13, 18, 24, 32, 33, 36, 39, 40, 46, 47, 51, 58, 59, 65, 66], "summary": {"covered_lines": 19, "num_statements": 19, "percent_covered": 100.0, "percent_covered_display": "100", "missing_lines": 0, "excluded_lines": 0, "percent_statements_covered": 100.0, "percent_statements_covered_display": "100"}, "missing_lines": [], "excluded_lines": [], "start_line": 1}}, "classes": {"SignupSchema": {"executed_lines": [], "summary": {"covered_lines": 0, "num_statements": 0, "percent_covered": 100.0, "percent_covered_display": "100", "missing_lines": 0, "excluded_lines": 0, "percent_statements_covered": 100.0, "percent_statements_covered_display": "100"}, "missing_lines": [], "excluded_lines": [], "start_line": 4}, "LoginSchema": {"executed_lines": [], "summary": {"covered_lines": 0, "num_statements": 0, "percent_covered": 100.0, "percent_covered_display": "100", "missing_lines": 0, "excluded_lines": 0, "percent_statements_covered": 100.0, "percent_statements_covered_display": "100"}, "missing_lines": [], "excluded_lines": [], "start_line": 32}, "ForgotPasswordSchema": {"executed_lines": [], "summary": {"covered_lines": 0, "num_statements": 0, "percent_covered": 100.0, "percent_covered_display": "100", "missing_lines": 0, "excluded_lines": 0, "percent_statements_covered": 100.0, "percent_statements_covered_display": "100"}, "missing_lines": [], "excluded_lines": [], "start_line": 39}, "ResetPasswordSchema": {"executed_lines": [], "summary": {"covered_lines": 0, "num_statements": 0, "percent_covered": 100.0, "percent_covered_display": "100", "missing_lines": 0, "excluded_lines": 0, "percent_statements_covered": 100.0, "percent_statements_covered_display": "100"}, "missing_lines": [], "excluded_lines": [], "start_line": 46}, "ResendVerificationSchema": {"executed_lines": [], "summary": {"covered_lines": 0, "num_statements": 0, "percent_covered": 100.0, "percent_covered_display": "100", "missing_lines": 0, "excluded_lines": 0, "percent_statements_covered": 100.0, "percent_statements_covered_display": "100"}, "missing_lines": [], "excluded_lines": [], "start_line": 58}, "VerifyEmailSchema": {"executed_lines": [], "summary": {"covered_lines": 0, "num_statements": 0, "percent_covered": 100.0, "percent_covered_display": "100", "missing_lines": 0, "excluded_lines": 0, "percent_statements_covered": 100.0, "percent_statements_covered_display": "100"}, "missing_lines": [], "excluded_lines": [], "start_line": 65}, "": {"executed_lines": [1, 4, 5, 8, 13, 18, 24, 32, 33, 36, 39, 40, 46, 47, 51, 58, 59, 65, 66], "summary": {"covered_lines": 19, "num_statements": 19, "percent_covered": 100.0, "percent_covered_display": "100", "missing_lines": 0, "excluded_lines": 0, "percent_statements_covered": 100.0, "percent_statements_covered_display": "100"}, "missing_lines": [], "excluded_lines": [], "start_line": 1}}}, "app\\schemas\\review_schema.py": {"executed_lines": [1, 4, 5, 9, 13, 14, 16, 17, 18, 20, 21], "summary": {"covered_lines": 11, "num_statements": 11, "percent_covered": 100.0, "percent_covered_display": "100", "missing_lines": 0, "excluded_lines": 0, "percent_statements_covered": 100.0, "percent_statements_covered_display": "100"}, "missing_lines": [], "excluded_lines": [], "functions": {"": {"executed_lines": [1, 4, 5, 9, 13, 14, 16, 17, 18, 20, 21], "summary": {"covered_lines": 11, "num_statements": 11, "percent_covered": 100.0, "percent_covered_display": "100", "missing_lines": 0, "excluded_lines": 0, "percent_statements_covered": 100.0, "percent_statements_covered_display": "100"}, "missing_lines": [], "excluded_lines": [], "start_line": 1}}, "classes": {"GenerateReplySchema": {"executed_lines": [], "summary": {"covered_lines": 0, "num_statements": 0, "percent_covered": 100.0, "percent_covered_display": "100", "missing_lines": 0, "excluded_lines": 0, "percent_statements_covered": 100.0, "percent_statements_covered_display": "100"}, "missing_lines": [], "excluded_lines": [], "start_line": 4}, "SendReplySchema": {"executed_lines": [], "summary": {"covered_lines": 0, "num_statements": 0, "percent_covered": 100.0, "percent_covered_display": "100", "missing_lines": 0, "excluded_lines": 0, "percent_statements_covered": 100.0, "percent_statements_covered_display": "100"}, "missing_lines": [], "excluded_lines": [], "start_line": 16}, "BulkGenerateSchema": {"executed_lines": [], "summary": {"covered_lines": 0, "num_statements": 0, "percent_covered": 100.0, "percent_covered_display": "100", "missing_lines": 0, "excluded_lines": 0, "percent_statements_covered": 100.0, "percent_statements_covered_display": "100"}, "missing_lines": [], "excluded_lines": [], "start_line": 20}, "": {"executed_lines": [1, 4, 5, 9, 13, 14, 16, 17, 18, 20, 21], "summary": {"covered_lines": 11, "num_statements": 11, "percent_covered": 100.0, "percent_covered_display": "100", "missing_lines": 0, "excluded_lines": 0, "percent_statements_covered": 100.0, "percent_statements_covered_display": "100"}, "missing_lines": [], "excluded_lines": [], "start_line": 1}}}, "app\\schemas\\settings_schema.py": {"executed_lines": [5, 8, 15, 20, 25, 30, 35, 39, 40], "summary": {"covered_lines": 9, "num_statements": 9, "percent_covered": 100.0, "percent_covered_display": "100", "missing_lines": 0, "excluded_lines": 0, "percent_statements_covered": 100.0, "percent_statements_covered_display": "100"}, "missing_lines": [], "excluded_lines": [], "functions": {"": {"executed_lines": [5, 8, 15, 20, 25, 30, 35, 39, 40], "summary": {"covered_lines": 9, "num_statements": 9, "percent_covered": 100.0, "percent_covered_display": "100", "missing_lines": 0, "excluded_lines": 0, "percent_statements_covered": 100.0, "percent_statements_covered_display": "100"}, "missing_lines": [], "excluded_lines": [], "start_line": 1}}, "classes": {"UpdateSettingsSchema": {"executed_lines": [], "summary": {"covered_lines": 0, "num_statements": 0, "percent_covered": 100.0, "percent_covered_display": "100", "missing_lines": 0, "excluded_lines": 0, "percent_statements_covered": 100.0, "percent_statements_covered_display": "100"}, "missing_lines": [], "excluded_lines": [], "start_line": 8}, "UpdateSettingsSchema.Meta": {"executed_lines": [], "summary": {"covered_lines": 0, "num_statements": 0, "percent_covered": 100.0, "percent_covered_display": "100", "missing_lines": 0, "excluded_lines": 0, "percent_statements_covered": 100.0, "percent_statements_covered_display": "100"}, "missing_lines": [], "excluded_lines": [], "start_line": 39}, "": {"executed_lines": [5, 8, 15, 20, 25, 30, 35, 39, 40], "summary": {"covered_lines": 9, "num_statements": 9, "percent_covered": 100.0, "percent_covered_display": "100", "missing_lines": 0, "excluded_lines": 0, "percent_statements_covered": 100.0, "percent_statements_covered_display": "100"}, "missing_lines": [], "excluded_lines": [], "start_line": 1}}}, "app\\services\\__init__.py": {"executed_lines": [], "summary": {"covered_lines": 0, "num_statements": 0, "percent_covered": 100.0, "percent_covered_display": "100", "missing_lines": 0, "excluded_lines": 0, "percent_statements_covered": 100.0, "percent_statements_covered_display": "100"}, "missing_lines": [], "excluded_lines": [], "functions": {"": {"executed_lines": [], "summary": {"covered_lines": 0, "num_statements": 0, "percent_covered": 100.0, "percent_covered_display": "100", "missing_lines": 0, "excluded_lines": 0, "percent_statements_covered": 100.0, "percent_statements_covered_display": "100"}, "missing_lines": [], "excluded_lines": [], "start_line": 1}}, "classes": {"": {"executed_lines": [], "summary": {"covered_lines": 0, "num_statements": 0, "percent_covered": 100.0, "percent_covered_display": "100", "missing_lines": 0, "excluded_lines": 0, "percent_statements_covered": 100.0, "percent_statements_covered_display": "100"}, "missing_lines": [], "excluded_lines": [], "start_line": 1}}}, "app\\services\\ai_engine.py": {"executed_lines": [19, 20, 21, 22, 23, 25, 28, 31, 53, 108, 114, 237, 293, 296, 298, 307, 353, 356, 378, 386, 391, 398, 405, 411, 412, 413, 415, 416, 420, 421, 423, 424, 425, 426, 427, 428, 432, 433, 434, 438, 439, 440, 442, 443, 444, 445, 449, 450, 452, 469, 526, 532, 535, 536, 539, 549, 550, 553, 554, 555, 556, 557, 559, 564, 570, 571, 572, 575, 577, 579, 586, 659, 664, 665, 668, 682, 683, 684, 690, 691, 693, 694, 695, 697, 699, 700, 702, 705, 706, 707, 708, 710, 720, 721, 722, 728, 733, 735, 781, 792, 799, 802, 809, 847, 854, 864, 865, 874, 885, 948, 951, 957, 964, 966, 967, 968, 969, 970, 972, 974, 976, 977, 978, 979, 981, 983, 994, 1015, 1016, 1017, 1020, 1021, 1024, 1027, 1028, 1029, 1030, 1033, 1036, 1061, 1073, 1074, 1076, 1079, 1080, 1083, 1091, 1093, 1096, 1097, 1098, 1100], "summary": {"covered_lines": 152, "num_statements": 239, "percent_covered": 63.59832635983263, "percent_covered_display": "64", "missing_lines": 87, "excluded_lines": 0, "percent_statements_covered": 63.59832635983263, "percent_statements_covered_display": "64"}, "missing_lines": [37, 38, 39, 43, 435, 436, 447, 475, 483, 484, 486, 487, 488, 498, 499, 500, 502, 506, 511, 512, 513, 515, 522, 523, 533, 551, 560, 561, 576, 578, 592, 593, 594, 596, 598, 599, 600, 601, 602, 603, 605, 613, 614, 616, 624, 625, 627, 628, 629, 631, 632, 633, 634, 635, 636, 637, 639, 640, 641, 642, 643, 644, 645, 646, 647, 649, 650, 652, 692, 696, 698, 701, 729, 730, 866, 980, 982, 984, 985, 987, 1037, 1044, 1045, 1051, 1052, 1054, 1059], "excluded_lines": [], "functions": {"get_openai_client": {"executed_lines": [], "summary": {"covered_lines": 0, "num_statements": 4, "percent_covered": 0.0, "percent_covered_display": "0", "missing_lines": 4, "excluded_lines": 0, "percent_statements_covered": 0.0, "percent_statements_covered_display": "0"}, "missing_lines": [37, 38, 39, 43], "excluded_lines": [], "start_line": 31}, "extract_review_signals": {"executed_lines": [411, 412, 413, 415, 416, 420, 421, 423, 424, 425, 426, 427, 428, 432, 433, 434, 438, 439, 440, 442, 443, 444, 445, 449, 450, 452], "summary": {"covered_lines": 26, "num_statements": 29, "percent_covered": 89.65517241379311, "percent_covered_display": "90", "missing_lines": 3, "excluded_lines": 0, "percent_statements_covered": 89.65517241379311, "percent_statements_covered_display": "90"}, "missing_lines": [435, 436, 447], "excluded_lines": [], "start_line": 405}, "get_variance_context": {"executed_lines": [], "summary": {"covered_lines": 0, "num_statements": 17, "percent_covered": 0.0, "percent_covered_display": "0", "missing_lines": 17, "excluded_lines": 0, "percent_statements_covered": 0.0, "percent_statements_covered_display": "0"}, "missing_lines": [475, 483, 484, 486, 487, 488, 498, 499, 500, 502, 506, 511, 512, 513, 515, 522, 523], "excluded_lines": [], "start_line": 469}, "get_brand_voice_examples": {"executed_lines": [532, 535, 536, 539, 549, 550, 553, 554, 555, 556, 557, 559], "summary": {"covered_lines": 12, "num_statements": 16, "percent_covered": 75.0, "percent_covered_display": "75", "missing_lines": 4, "excluded_lines": 0, "percent_statements_covered": 75.0, "percent_statements_covered_display": "75"}, "missing_lines": [533, 551, 560, 561], "excluded_lines": [], "start_line": 526}, "get_word_target": {"executed_lines": [570, 571, 572, 575, 577, 579], "summary": {"covered_lines": 6, "num_statements": 8, "percent_covered": 75.0, "percent_covered_display": "75", "missing_lines": 2, "excluded_lines": 0, "percent_statements_covered": 75.0, "percent_statements_covered_display": "75"}, "missing_lines": [576, 578], "excluded_lines": [], "start_line": 564}, "call_llm": {"executed_lines": [], "summary": {"covered_lines": 0, "num_statements": 38, "percent_covered": 0.0, "percent_covered_display": "0", "missing_lines": 38, "excluded_lines": 0, "percent_statements_covered": 0.0, "percent_statements_covered_display": "0"}, "missing_lines": [592, 593, 594, 596, 598, 599, 600, 601, 602, 603, 605, 613, 614, 616, 624, 625, 627, 628, 629, 631, 632, 633, 634, 635, 636, 637, 639, 640, 641, 642, 643, 644, 645, 646, 647, 649, 650, 652], "excluded_lines": [], "start_line": 586}, "_resolve_tone": {"executed_lines": [664, 665], "summary": {"covered_lines": 2, "num_statements": 2, "percent_covered": 100.0, "percent_covered_display": "100", "missing_lines": 0, "excluded_lines": 0, "percent_statements_covered": 100.0, "percent_statements_covered_display": "100"}, "missing_lines": [], "excluded_lines": [], "start_line": 659}, "_build_pass1_prompts": {"executed_lines": [682, 683, 684, 690, 691, 693, 694, 695, 697, 699, 700, 702, 705, 706, 707, 708, 710, 720, 721, 722, 728, 733, 735, 781, 792], "summary": {"covered_lines": 25, "num_statements": 31, "percent_covered": 80.64516129032258, "percent_covered_display": "81", "missing_lines": 6, "excluded_lines": 0, "percent_statements_covered": 80.64516129032258, "percent_statements_covered_display": "81"}, "missing_lines": [692, 696, 698, 701, 729, 730], "excluded_lines": [], "start_line": 668}, "_build_pass2_prompts": {"executed_lines": [802, 809, 847], "summary": {"covered_lines": 3, "num_statements": 3, "percent_covered": 100.0, "percent_covered_display": "100", "missing_lines": 0, "excluded_lines": 0, "percent_statements_covered": 100.0, "percent_statements_covered_display": "100"}, "missing_lines": [], "excluded_lines": [], "start_line": 799}, "_build_pass3_prompts": {"executed_lines": [864, 865, 874, 885, 948], "summary": {"covered_lines": 5, "num_statements": 6, "percent_covered": 83.33333333333333, "percent_covered_display": "83", "missing_lines": 1, "excluded_lines": 0, "percent_statements_covered": 83.33333333333333, "percent_statements_covered_display": "83"}, "missing_lines": [866], "excluded_lines": [], "start_line": 854}, "_parse_pass3_output": {"executed_lines": [957, 964, 966, 967, 968, 969, 970, 972, 974, 976, 977, 978, 979, 981, 983], "summary": {"covered_lines": 15, "num_statements": 20, "percent_covered": 75.0, "percent_covered_display": "75", "missing_lines": 5, "excluded_lines": 0, "percent_statements_covered": 75.0, "percent_statements_covered_display": "75"}, "missing_lines": [980, 982, 984, 985, 987], "excluded_lines": [], "start_line": 951}, "generate_reply": {"executed_lines": [1015, 1016, 1017, 1020, 1021, 1024, 1027, 1028, 1029, 1030, 1033, 1036, 1061, 1073, 1074, 1076, 1079, 1080, 1083, 1091, 1093, 1096, 1097, 1098, 1100], "summary": {"covered_lines": 25, "num_statements": 32, "percent_covered": 78.125, "percent_covered_display": "78", "missing_lines": 7, "excluded_lines": 0, "percent_statements_covered": 78.125, "percent_statements_covered_display": "78"}, "missing_lines": [1037, 1044, 1045, 1051, 1052, 1054, 1059], "excluded_lines": [], "start_line": 994}, "": {"executed_lines": [19, 20, 21, 22, 23, 25, 28, 31, 53, 108, 114, 237, 293, 296, 298, 307, 353, 356, 378, 386, 391, 398, 405, 469, 526, 564, 586, 659, 668, 799, 854, 951, 994], "summary": {"covered_lines": 33, "num_statements": 33, "percent_covered": 100.0, "percent_covered_display": "100", "missing_lines": 0, "excluded_lines": 0, "percent_statements_covered": 100.0, "percent_statements_covered_display": "100"}, "missing_lines": [], "excluded_lines": [], "start_line": 1}}, "classes": {"": {"executed_lines": [19, 20, 21, 22, 23, 25, 28, 31, 53, 108, 114, 237, 293, 296, 298, 307, 353, 356, 378, 386, 391, 398, 405, 411, 412, 413, 415, 416, 420, 421, 423, 424, 425, 426, 427, 428, 432, 433, 434, 438, 439, 440, 442, 443, 444, 445, 449, 450, 452, 469, 526, 532, 535, 536, 539, 549, 550, 553, 554, 555, 556, 557, 559, 564, 570, 571, 572, 575, 577, 579, 586, 659, 664, 665, 668, 682, 683, 684, 690, 691, 693, 694, 695, 697, 699, 700, 702, 705, 706, 707, 708, 710, 720, 721, 722, 728, 733, 735, 781, 792, 799, 802, 809, 847, 854, 864, 865, 874, 885, 948, 951, 957, 964, 966, 967, 968, 969, 970, 972, 974, 976, 977, 978, 979, 981, 983, 994, 1015, 1016, 1017, 1020, 1021, 1024, 1027, 1028, 1029, 1030, 1033, 1036, 1061, 1073, 1074, 1076, 1079, 1080, 1083, 1091, 1093, 1096, 1097, 1098, 1100], "summary": {"covered_lines": 152, "num_statements": 239, "percent_covered": 63.59832635983263, "percent_covered_display": "64", "missing_lines": 87, "excluded_lines": 0, "percent_statements_covered": 63.59832635983263, "percent_statements_covered_display": "64"}, "missing_lines": [37, 38, 39, 43, 435, 436, 447, 475, 483, 484, 486, 487, 488, 498, 499, 500, 502, 506, 511, 512, 513, 515, 522, 523, 533, 551, 560, 561, 576, 578, 592, 593, 594, 596, 598, 599, 600, 601, 602, 603, 605, 613, 614, 616, 624, 625, 627, 628, 629, 631, 632, 633, 634, 635, 636, 637, 639, 640, 641, 642, 643, 644, 645, 646, 647, 649, 650, 652, 692, 696, 698, 701, 729, 730, 866, 980, 982, 984, 985, 987, 1037, 1044, 1045, 1051, 1052, 1054, 1059], "excluded_lines": [], "start_line": 1}}}, "app\\services\\email_service.py": {"executed_lines": [1, 2, 3, 4, 5, 7, 8, 11], "summary": {"covered_lines": 8, "num_statements": 21, "percent_covered": 38.095238095238095, "percent_covered_display": "38", "missing_lines": 13, "excluded_lines": 0, "percent_statements_covered": 38.095238095238095, "percent_statements_covered_display": "38"}, "missing_lines": [9, 17, 19, 20, 21, 24, 54, 55, 61, 62, 63, 64, 65], "excluded_lines": [], "functions": {"EmailDeliveryError.__init__": {"executed_lines": [], "summary": {"covered_lines": 0, "num_statements": 1, "percent_covered": 0.0, "percent_covered_display": "0", "missing_lines": 1, "excluded_lines": 0, "percent_statements_covered": 0.0, "percent_statements_covered_display": "0"}, "missing_lines": [9], "excluded_lines": [], "start_line": 8}, "send_ai_reply_alert": {"executed_lines": [], "summary": {"covered_lines": 0, "num_statements": 12, "percent_covered": 0.0, "percent_covered_display": "0", "missing_lines": 12, "excluded_lines": 0, "percent_statements_covered": 0.0, "percent_statements_covered_display": "0"}, "missing_lines": [17, 19, 20, 21, 24, 54, 55, 61, 62, 63, 64, 65], "excluded_lines": [], "start_line": 11}, "": {"executed_lines": [1, 2, 3, 4, 5, 7, 8, 11], "summary": {"covered_lines": 8, "num_statements": 8, "percent_covered": 100.0, "percent_covered_display": "100", "missing_lines": 0, "excluded_lines": 0, "percent_statements_covered": 100.0, "percent_statements_covered_display": "100"}, "missing_lines": [], "excluded_lines": [], "start_line": 1}}, "classes": {"EmailDeliveryError": {"executed_lines": [], "summary": {"covered_lines": 0, "num_statements": 1, "percent_covered": 0.0, "percent_covered_display": "0", "missing_lines": 1, "excluded_lines": 0, "percent_statements_covered": 0.0, "percent_statements_covered_display": "0"}, "missing_lines": [9], "excluded_lines": [], "start_line": 7}, "": {"executed_lines": [1, 2, 3, 4, 5, 7, 8, 11], "summary": {"covered_lines": 8, "num_statements": 20, "percent_covered": 40.0, "percent_covered_display": "40", "missing_lines": 12, "excluded_lines": 0, "percent_statements_covered": 40.0, "percent_statements_covered_display": "40"}, "missing_lines": [17, 19, 20, 21, 24, 54, 55, 61, 62, 63, 64, 65], "excluded_lines": [], "start_line": 1}}}, "app\\services\\gdpr_service.py": {"executed_lines": [13, 14, 17], "summary": {"covered_lines": 3, "num_statements": 7, "percent_covered": 42.857142857142854, "percent_covered_display": "43", "missing_lines": 4, "excluded_lines": 0, "percent_statements_covered": 42.857142857142854, "percent_statements_covered_display": "43"}, "missing_lines": [29, 41, 49, 56], "excluded_lines": [], "functions": {"anonymise_user": {"executed_lines": [], "summary": {"covered_lines": 0, "num_statements": 4, "percent_covered": 0.0, "percent_covered_display": "0", "missing_lines": 4, "excluded_lines": 0, "percent_statements_covered": 0.0, "percent_statements_covered_display": "0"}, "missing_lines": [29, 41, 49, 56], "excluded_lines": [], "start_line": 17}, "": {"executed_lines": [13, 14, 17], "summary": {"covered_lines": 3, "num_statements": 3, "percent_covered": 100.0, "percent_covered_display": "100", "missing_lines": 0, "excluded_lines": 0, "percent_statements_covered": 100.0, "percent_statements_covered_display": "100"}, "missing_lines": [], "excluded_lines": [], "start_line": 1}}, "classes": {"": {"executed_lines": [13, 14, 17], "summary": {"covered_lines": 3, "num_statements": 7, "percent_covered": 42.857142857142854, "percent_covered_display": "43", "missing_lines": 4, "excluded_lines": 0, "percent_statements_covered": 42.857142857142854, "percent_statements_covered_display": "43"}, "missing_lines": [29, 41, 49, 56], "excluded_lines": [], "start_line": 1}}}, "app\\services\\google_api_service.py": {"executed_lines": [1, 2, 3, 4, 6, 55, 61, 65, 66, 67, 69, 70, 71, 75, 76, 78, 80, 81, 82, 86, 87, 88, 90, 91, 92, 94, 99, 101], "summary": {"covered_lines": 28, "num_statements": 75, "percent_covered": 37.333333333333336, "percent_covered_display": "37", "missing_lines": 47, "excluded_lines": 0, "percent_statements_covered": 37.333333333333336, "percent_statements_covered_display": "37"}, "missing_lines": [12, 13, 14, 15, 16, 18, 19, 20, 21, 22, 24, 25, 26, 28, 29, 36, 37, 38, 40, 41, 42, 43, 44, 46, 48, 49, 50, 52, 62, 63, 83, 84, 95, 96, 97, 106, 107, 110, 111, 113, 115, 119, 123, 124, 125, 127, 128], "excluded_lines": [], "functions": {"get_master_access_token": {"executed_lines": [], "summary": {"covered_lines": 0, "num_statements": 28, "percent_covered": 0.0, "percent_covered_display": "0", "missing_lines": 28, "excluded_lines": 0, "percent_statements_covered": 0.0, "percent_statements_covered_display": "0"}, "missing_lines": [12, 13, 14, 15, 16, 18, 19, 20, 21, 22, 24, 25, 26, 28, 29, 36, 37, 38, 40, 41, 42, 43, 44, 46, 48, 49, 50, 52], "excluded_lines": [], "start_line": 6}, "fetch_recent_reviews": {"executed_lines": [61, 65, 66, 67, 69, 70, 71, 75, 76, 78, 80, 81, 82, 86, 87, 88, 90, 91, 92, 94, 99], "summary": {"covered_lines": 21, "num_statements": 28, "percent_covered": 75.0, "percent_covered_display": "75", "missing_lines": 7, "excluded_lines": 0, "percent_statements_covered": 75.0, "percent_statements_covered_display": "75"}, "missing_lines": [62, 63, 83, 84, 95, 96, 97], "excluded_lines": [], "start_line": 55}, "reply_to_review": {"executed_lines": [], "summary": {"covered_lines": 0, "num_statements": 12, "percent_covered": 0.0, "percent_covered_display": "0", "missing_lines": 12, "excluded_lines": 0, "percent_statements_covered": 0.0, "percent_statements_covered_display": "0"}, "missing_lines": [106, 107, 110, 111, 113, 115, 119, 123, 124, 125, 127, 128], "excluded_lines": [], "start_line": 101}, "": {"executed_lines": [1, 2, 3, 4, 6, 55, 101], "summary": {"covered_lines": 7, "num_statements": 7, "percent_covered": 100.0, "percent_covered_display": "100", "missing_lines": 0, "excluded_lines": 0, "percent_statements_covered": 100.0, "percent_statements_covered_display": "100"}, "missing_lines": [], "excluded_lines": [], "start_line": 1}}, "classes": {"": {"executed_lines": [1, 2, 3, 4, 6, 55, 61, 65, 66, 67, 69, 70, 71, 75, 76, 78, 80, 81, 82, 86, 87, 88, 90, 91, 92, 94, 99, 101], "summary": {"covered_lines": 28, "num_statements": 75, "percent_covered": 37.333333333333336, "percent_covered_display": "37", "missing_lines": 47, "excluded_lines": 0, "percent_statements_covered": 37.333333333333336, "percent_statements_covered_display": "37"}, "missing_lines": [12, 13, 14, 15, 16, 18, 19, 20, 21, 22, 24, 25, 26, 28, 29, 36, 37, 38, 40, 41, 42, 43, 44, 46, 48, 49, 50, 52, 62, 63, 83, 84, 95, 96, 97, 106, 107, 110, 111, 113, 115, 119, 123, 124, 125, 127, 128], "excluded_lines": [], "start_line": 1}}}, "app\\services\\mock_google.py": {"executed_lines": [], "summary": {"covered_lines": 0, "num_statements": 32, "percent_covered": 0.0, "percent_covered_display": "0", "missing_lines": 32, "excluded_lines": 0, "percent_statements_covered": 0.0, "percent_statements_covered_display": "0"}, "missing_lines": [1, 2, 3, 6, 7, 13, 18, 24, 30, 31, 33, 35, 36, 37, 38, 39, 40, 41, 42, 43, 44, 45, 46, 47, 49, 50, 53, 62, 64, 66, 67, 74], "excluded_lines": [], "functions": {"generate_fake_reviews": {"executed_lines": [], "summary": {"covered_lines": 0, "num_statements": 21, "percent_covered": 0.0, "percent_covered_display": "0", "missing_lines": 21, "excluded_lines": 0, "percent_statements_covered": 0.0, "percent_statements_covered_display": "0"}, "missing_lines": [30, 31, 33, 35, 36, 37, 38, 39, 40, 41, 42, 43, 44, 45, 46, 47, 49, 50, 53, 62, 64], "excluded_lines": [], "start_line": 24}, "_num_to_google_star": {"executed_lines": [], "summary": {"covered_lines": 0, "num_statements": 2, "percent_covered": 0.0, "percent_covered_display": "0", "missing_lines": 2, "excluded_lines": 0, "percent_statements_covered": 0.0, "percent_statements_covered_display": "0"}, "missing_lines": [67, 74], "excluded_lines": [], "start_line": 66}, "": {"executed_lines": [], "summary": {"covered_lines": 0, "num_statements": 9, "percent_covered": 0.0, "percent_covered_display": "0", "missing_lines": 9, "excluded_lines": 0, "percent_statements_covered": 0.0, "percent_statements_covered_display": "0"}, "missing_lines": [1, 2, 3, 6, 7, 13, 18, 24, 66], "excluded_lines": [], "start_line": 1}}, "classes": {"": {"executed_lines": [], "summary": {"covered_lines": 0, "num_statements": 32, "percent_covered": 0.0, "percent_covered_display": "0", "missing_lines": 32, "excluded_lines": 0, "percent_statements_covered": 0.0, "percent_statements_covered_display": "0"}, "missing_lines": [1, 2, 3, 6, 7, 13, 18, 24, 30, 31, 33, 35, 36, 37, 38, 39, 40, 41, 42, 43, 44, 45, 46, 47, 49, 50, 53, 62, 64, 66, 67, 74], "excluded_lines": [], "start_line": 1}}}, "app\\services\\model_router.py": {"executed_lines": [8, 11, 24, 29, 30, 33, 34, 37, 38, 41, 42, 45, 52, 54, 55, 56, 59, 65, 67, 80, 81], "summary": {"covered_lines": 21, "num_statements": 22, "percent_covered": 95.45454545454545, "percent_covered_display": "95", "missing_lines": 1, "excluded_lines": 0, "percent_statements_covered": 95.45454545454545, "percent_statements_covered_display": "95"}, "missing_lines": [53], "excluded_lines": [], "functions": {"classify_complexity": {"executed_lines": [29, 30, 33, 34, 37, 38, 41, 42, 45, 52, 54, 55, 56], "summary": {"covered_lines": 13, "num_statements": 14, "percent_covered": 92.85714285714286, "percent_covered_display": "93", "missing_lines": 1, "excluded_lines": 0, "percent_statements_covered": 92.85714285714286, "percent_statements_covered_display": "93"}, "missing_lines": [53], "excluded_lines": [], "start_line": 24}, "get_model_for_complexity": {"executed_lines": [65, 67, 80, 81], "summary": {"covered_lines": 4, "num_statements": 4, "percent_covered": 100.0, "percent_covered_display": "100", "missing_lines": 0, "excluded_lines": 0, "percent_statements_covered": 100.0, "percent_statements_covered_display": "100"}, "missing_lines": [], "excluded_lines": [], "start_line": 59}, "": {"executed_lines": [8, 11, 24, 59], "summary": {"covered_lines": 4, "num_statements": 4, "percent_covered": 100.0, "percent_covered_display": "100", "missing_lines": 0, "excluded_lines": 0, "percent_statements_covered": 100.0, 
[...]
"100"}, "missing_lines": [], "excluded_lines": [], "start_line": 69}, "validate_request.decorator": {"executed_lines": [78, 86], "summary": {"covered_lines": 2, "num_statements": 2, "percent_covered": 100.0, "percent_covered_display": "100", "missing_lines": 0, "excluded_lines": 0, "percent_statements_covered": 100.0, "percent_statements_covered_display": "100"}, "missing_lines": [], "excluded_lines": [], "start_line": 76}, "validate_request.decorator.decorated": {"executed_lines": [79, 80, 81, 82, 83, 84], "summary": {"covered_lines": 6, "num_statements": 6, "percent_covered": 100.0, "percent_covered_display": "100", "missing_lines": 0, "excluded_lines": 0, "percent_statements_covered": 100.0, "percent_statements_covered_display": "100"}, "missing_lines": [], "excluded_lines": [], "start_line": 78}, "": {"executed_lines": [1, 3, 4, 6, 7, 8, 9, 12, 53, 69], "summary": {"covered_lines": 10, "num_statements": 10, "percent_covered": 100.0, "percent_covered_display": "100", "missing_lines": 0, "excluded_lines": 0, "percent_statements_covered": 100.0, "percent_statements_covered_display": "100"}, "missing_lines": [], "excluded_lines": [], "start_line": 1}}, "classes": {"": {"executed_lines": [1, 3, 4, 6, 7, 8, 9, 12, 20, 21, 22, 23, 24, 26, 27, 29, 32, 39, 43, 44, 45, 47, 48, 50, 53, 58, 59, 60, 66, 69, 76, 77, 78, 79, 80, 81, 82, 83, 84, 86, 88], "summary": {"covered_lines": 41, "num_statements": 49, "percent_covered": 83.6734693877551, "percent_covered_display": "84", "missing_lines": 8, "excluded_lines": 0, "percent_statements_covered": 83.6734693877551, "percent_statements_covered_display": "84"}, "missing_lines": [33, 34, 40, 41, 61, 62, 63, 64], "excluded_lines": [], "start_line": 1}}}, "app\\utils\\errors.py": {"executed_lines": [5, 8, 29, 34, 37, 38, 40, 42, 43, 45, 48, 53], "summary": {"covered_lines": 12, "num_statements": 12, "percent_covered": 100.0, "percent_covered_display": "100", "missing_lines": 0, "excluded_lines": 0, "percent_statements_covered": 100.0, "percent_statements_covered_display": "100"}, "missing_lines": [], "excluded_lines": [], "functions": {"build_error": {"executed_lines": [34, 37, 38, 40, 42, 43, 45], "summary": {"covered_lines": 7, "num_statements": 7, "percent_covered": 100.0, "percent_covered_display": "100", "missing_lines": 0, "excluded_lines": 0, "percent_statements_covered": 100.0, "percent_statements_covered_display": "100"}, "missing_lines": [], "excluded_lines": [], "start_line": 29}, "build_error_from_exception": {"executed_lines": [53], "summary": {"covered_lines": 1, "num_statements": 1, "percent_covered": 100.0, "percent_covered_display": "100", "missing_lines": 0, "excluded_lines": 0, "percent_statements_covered": 100.0, "percent_statements_covered_display": "100"}, "missing_lines": [], "excluded_lines": [], "start_line": 48}, "": {"executed_lines": [5, 8, 29, 48], "summary": {"covered_lines": 4, "num_statements": 4, "percent_covered": 100.0, "percent_covered_display": "100", "missing_lines": 0, "excluded_lines": 0, "percent_statements_covered": 100.0, "percent_statements_covered_display": "100"}, "missing_lines": [], "excluded_lines": [], "start_line": 1}}, "classes": {"": {"executed_lines": [5, 8, 29, 34, 37, 38, 40, 42, 43, 45, 48, 53], "summary": {"covered_lines": 12, "num_statements": 12, "percent_covered": 100.0, "percent_covered_display": "100", "missing_lines": 0, "excluded_lines": 0, "percent_statements_covered": 100.0, "percent_statements_covered_display": "100"}, "missing_lines": [], "excluded_lines": [], "start_line": 1}}}, "app\\utils\\exceptions.py": {"executed_lines": [12, 15, 16, 18, 19, 20, 26, 27, 28, 31, 32, 33, 36, 37, 38, 41, 44, 45, 47, 54, 57, 58, 60, 61, 73, 74, 75, 78, 79, 80, 86, 87, 88, 91, 92, 93, 96, 97, 98, 104, 107, 108, 110, 114, 117, 118, 120, 129, 132, 133, 135, 144, 147, 148, 150, 159, 162, 163, 165, 175, 176, 177, 180, 181, 182, 185, 187, 188, 191, 194, 195, 197], "summary": {"covered_lines": 72, "num_statements": 79, "percent_covered": 91.13924050632912, "percent_covered_display": "91", "missing_lines": 7, "excluded_lines": 0, "percent_statements_covered": 91.13924050632912, "percent_statements_covered_display": "91"}, "missing_lines": [48, 111, 121, 136, 151, 166, 198], "excluded_lines": [], "functions": {"ReplyIQError.__init__": {"executed_lines": [19, 20], "summary": {"covered_lines": 2, "num_statements": 2, "percent_covered": 100.0, "percent_covered_display": "100", "missing_lines": 0, "excluded_lines": 0, "percent_statements_covered": 100.0, "percent_statements_covered_display": "100"}, "missing_lines": [], "excluded_lines": [], "start_line": 18}, "PlanRequired.__init__": {"executed_lines": [], "summary": {"covered_lines": 0, "num_statements": 1, "percent_covered": 0.0, "percent_covered_display": "0", "missing_lines": 1, "excluded_lines": 0, "percent_statements_covered": 0.0, "percent_statements_covered_display": "0"}, "missing_lines": [48], "excluded_lines": [], "start_line": 47}, "ReplyLimitReached.__init__": {"executed_lines": [61], "summary": {"covered_lines": 1, "num_statements": 1, "percent_covered": 100.0, "percent_covered_display": "100", "missing_lines": 0, "excluded_lines": 0, "percent_statements_covered": 100.0, "percent_statements_covered_display": "100"}, "missing_lines": [], "excluded_lines": [], "start_line": 60}, "ValidationError.__init__": {"executed_lines": [], "summary": {"covered_lines": 0, "num_statements": 1, "percent_covered": 0.0, "percent_covered_display": "0", "missing_lines": 1, "excluded_lines": 0, "percent_statements_covered": 0.0, "percent_statements_covered_display": "0"}, "missing_lines": [111], "excluded_lines": [], "start_line": 110}, "AIServiceError.__init__": {"executed_lines": [], "summary": {"covered_lines": 0, "num_statements": 1, "percent_covered": 0.0, "percent_covered_display": "0", "missing_lines": 1, "excluded_lines": 0, "percent_statements_covered": 0.0, "percent_statements_covered_display": "0"}, "missing_lines": [121], "excluded_lines": [], "start_line": 120}, "AIBillingError.__init__": {"executed_lines": [], "summary": {"covered_lines": 0, "num_statements": 1, "percent_covered": 0.0, "percent_covered_display": "0", "missing_lines": 1, "excluded_lines": 0, "percent_statements_covered": 0.0, "percent_statements_covered_display": "0"}, "missing_lines": [136], "excluded_lines": [], "start_line": 135}, "AIBadRequestError.__init__": {"executed_lines": [], "summary": {"covered_lines": 0, "num_statements": 1, "percent_covered": 0.0, "percent_covered_display": "0", "missing_lines": 1, "excluded_lines": 0, "percent_statements_covered": 0.0, "percent_statements_covered_display": "0"}, "missing_lines": [151], "excluded_lines": [], "start_line": 150}, "GooglePostError.__init__": {"executed_lines": [], "summary": {"covered_lines": 0, "num_statements": 1, "percent_covered": 0.0, "percent_covered_display": "0", "missing_lines": 1, "excluded_lines": 0, "percent_statements_covered": 0.0, "percent_statements_covered_display": "0"}, "missing_lines": [166], "excluded_lines": [], "start_line": 165}, "PollerError.__init__": {"executed_lines": [], "summary": {"covered_lines": 0, "num_statements": 1, "percent_covered": 0.0, "percent_covered_display": "0", "missing_lines": 1, "excluded_lines": 0, "percent_statements_covered": 0.0, "percent_statements_covered_display": "0"}, "missing_lines": [198], "excluded_lines": [], "start_line": 197}, "": {"executed_lines": [12, 15, 16, 18, 26, 27, 28, 31, 32, 33, 36, 37, 38, 41, 44, 45, 47, 54, 57, 58, 60, 73, 74, 75, 78, 79, 80, 86, 87, 88, 91, 92, 93, 96, 97, 98, 104, 107, 108, 110, 114, 117, 118, 120, 129, 132, 133, 135, 144, 147, 148, 150, 159, 162, 163, 165, 175, 176, 177, 180, 181, 182, 185, 187, 188, 191, 194, 195, 197], "summary": {"covered_lines": 69, "num_statements": 69, "percent_covered": 100.0, "percent_covered_display": "100", "missing_lines": 0, "excluded_lines": 0, "percent_statements_covered": 100.0, "percent_statements_covered_display": "100"}, "missing_lines": [], "excluded_lines": [], "start_line": 1}}, "classes": {"ReplyIQError": {"executed_lines": [19, 20], "summary": {"covered_lines": 2, "num_statements": 2, "percent_covered": 100.0, "percent_covered_display": "100", "missing_lines": 0, "excluded_lines": 0, "percent_statements_covered": 100.0, "percent_statements_covered_display": "100"}, "missing_lines": [], "excluded_lines": [], "start_line": 12}, "AuthRequired": {"executed_lines": [], "summary": {"covered_lines": 0, "num_statements": 0, "percent_covered": 100.0, "percent_covered_display": "100", "missing_lines": 0, "excluded_lines": 0, "percent_statements_covered": 100.0, "percent_statements_covered_display": "100"}, "missing_lines": [], "excluded_lines": [], "start_line": 26}, "InvalidCredentials": {"executed_lines": [], "summary": {"covered_lines": 0, "num_statements": 0, "percent_covered": 100.0, "percent_covered_display": "100", "missing_lines": 0, "excluded_lines": 0, "percent_statements_covered": 100.0, "percent_statements_covered_display": "100"}, "missing_lines": [], "excluded_lines": [], "start_line": 31}, "EmailExists": {"executed_lines": [], "summary": {"covered_lines": 0, "num_statements": 0, "percent_covered": 100.0, "percent_covered_display": "100", "missing_lines": 0, "excluded_lines": 0, "percent_statements_covered": 100.0, "percent_statements_covered_display": "100"}, "missing_lines": [], "excluded_lines": [], "start_line": 36}, "PlanRequired": {"executed_lines": [], "summary": {"covered_lines": 0, "num_statements": 1, "percent_covered": 0.0, "percent_covered_display": "0", "missing_lines": 1, "excluded_lines": 0, "percent_statements_covered": 0.0, "percent_statements_covered_display": "0"}, "missing_lines": [48], "excluded_lines": [], "start_line": 41}, "ReplyLimitReached": {"executed_lines": [61], "summary": {"covered_lines": 1, "num_statements": 1, "percent_covered": 100.0, "percent_covered_display": "100", "missing_lines": 0, "excluded_lines": 0, "percent_statements_covered": 100.0, "percent_statements_covered_display": "100"}, "missing_lines": [], "excluded_lines": [], "start_line": 54}, "ReviewNotFound": {"executed_lines": [], "summary": {"covered_lines": 0, "num_statements": 0, "percent_covered": 100.0, "percent_covered_display": "100", "missing_lines": 0, "excluded_lines": 0, "percent_statements_covered": 100.0, "percent_statements_covered_display": "100"}, "missing_lines": [], "excluded_lines": [], "start_line": 73}, "ReplyNotFound": {"executed_lines": [], "summary": {"covered_lines": 0, "num_statements": 0, "percent_covered": 100.0, "percent_covered_display": "100", "missing_lines": 0, "excluded_lines": 0, "percent_statements_covered": 100.0, "percent_statements_covered_display": "100"}, "missing_lines": [], "excluded_lines": [], "start_line": 78}, "TokenInvalid": {"executed_lines": [], "summary": {"covered_lines": 0, "num_statements": 0, "percent_covered": 100.0, "percent_covered_display": "100", "missing_lines": 0, "excluded_lines": 0, "percent_statements_covered": 100.0, "percent_statements_covered_display": "100"}, "missing_lines": [], "excluded_lines": [], "start_line": 86}, "TokenExpired": {"executed_lines": [], "summary": {"covered_lines": 0, "num_statements": 0, "percent_covered": 100.0, "percent_covered_display": "100", "missing_lines": 0, "excluded_lines": 0, "percent_statements_covered": 100.0, "percent_statements_covered_display": "100"}, "missing_lines": [], "excluded_lines": [], "start_line": 91}, "TokenAlreadyUsed": {"executed_lines": [], "summary": {"covered_lines": 0, "num_statements": 0, "percent_covered": 100.0, "percent_covered_display": "100", "missing_lines": 0, "excluded_lines": 0, "percent_statements_covered": 100.0, "percent_statements_covered_display": "100"}, "missing_lines": [], "excluded_lines": [], "start_line": 96}, "ValidationError": {"executed_lines": [], "summary": {"covered_lines": 0, "num_statements": 1, "percent_covered": 0.0, "percent_covered_display": "0", "missing_lines": 1, "excluded_lines": 0, "percent_statements_covered": 0.0, "percent_statements_covered_display": "0"}, "missing_lines": [111], "excluded_lines": [], "start_line": 104}, "AIServiceError": {"executed_lines": [], "summary": {"covered_lines": 0, "num_statements": 1, "percent_covered": 0.0, "percent_covered_display": "0", "missing_lines": 1, "excluded_lines": 0, "percent_statements_covered": 0.0, "percent_statements_covered_display": "0"}, "missing_lines": [121], "excluded_lines": [], "start_line": 114}, "AIBillingError": {"executed_lines": [], "summary": {"covered_lines": 0, "num_statements": 1, "percent_covered": 0.0, "percent_covered_display": "0", "missing_lines": 1, "excluded_lines": 0, "percent_statements_covered": 0.0, "percent_statements_covered_display": "0"}, "missing_lines": [136], "excluded_lines": [], "start_line": 129}, "AIBadRequestError": {"executed_lines": [], "summary": {"covered_lines": 0, "num_statements": 1, "percent_covered": 0.0, "percent_covered_display": "0", "missing_lines": 1, "excluded_lines": 0, "percent_statements_covered": 0.0, "percent_statements_covered_display": "0"}, "missing_lines": [151], "excluded_lines": [], "start_line": 144}, "GooglePostError": {"executed_lines": [], "summary": {"covered_lines": 0, "num_statements": 1, "percent_covered": 0.0, "percent_covered_display": "0", "missing_lines": 1, "excluded_lines": 0, "percent_statements_covered": 0.0, "percent_statements_covered_display": "0"}, "missing_lines": [166], "excluded_lines": [], "start_line": 159}, "StripeWebhookInvalid": {"executed_lines": [], "summary": {"covered_lines": 0, "num_statements": 0, "percent_covered": 100.0, "percent_covered_display": "100", "missing_lines": 0, "excluded_lines": 0, "percent_statements_covered": 100.0, "percent_statements_covered_display": "100"}, "missing_lines": [], "excluded_lines": [], "start_line": 175}, "RateLimitExceeded": {"executed_lines": [], "summary": {"covered_lines": 0, "num_statements": 0, "percent_covered": 100.0, "percent_covered_display": "100", "missing_lines": 0, "excluded_lines": 0, "percent_statements_covered": 100.0, "percent_statements_covered_display": "100"}, "missing_lines": [], "excluded_lines": [], "start_line": 180}, "InvalidGrantError": {"executed_lines": [], "summary": {"covered_lines": 0, "num_statements": 0, "percent_covered": 100.0, "percent_covered_display": "100", "missing_lines": 0, "excluded_lines": 0, "percent_statements_covered": 100.0, "percent_statements_covered_display": "100"}, "missing_lines": [], "excluded_lines": [], "start_line": 185}, "PollerError": {"executed_lines": [], "summary": {"covered_lines": 0, "num_statements": 1, "percent_covered": 0.0, "percent_covered_display": "0", "missing_lines": 1, "excluded_lines": 0, "percent_statements_covered": 0.0, "percent_statements_covered_display": "0"}, "missing_lines": [198], "excluded_lines": [], "start_line": 191}, "": {"executed_lines": [12, 15, 16, 18, 26, 27, 28, 31, 32, 33, 36, 37, 38, 41, 44, 45, 47, 54, 57, 58, 60, 73, 74, 75, 78, 79, 80, 86, 87, 88, 91, 92, 93, 96, 97, 98, 104, 107, 108, 110, 114, 117, 118, 120, 129, 132, 133, 135, 144, 147, 148, 150, 159, 162, 163, 165, 175, 176, 177, 180, 181, 182, 185, 187, 188, 191, 194, 195, 197], "summary": {"covered_lines": 69, "num_statements": 69, "percent_covered": 100.0, "percent_covered_display": "100", "missing_lines": 0, "excluded_lines": 0, "percent_statements_covered": 100.0, "percent_statements_covered_display": "100"}, "missing_lines": [], "excluded_lines": [], "start_line": 1}}}, "app\\utils\\logger.py": {"executed_lines": [5, 6, 7, 8, 9, 12, 13, 16, 17, 18, 19, 22, 27, 28, 30, 36, 37, 40, 41, 44, 45, 46, 48, 50, 52, 54, 56, 59], "summary": {"covered_lines": 28, "num_statements": 31, "percent_covered": 90.3225806451613, "percent_covered_display": "90", "missing_lines": 3, "excluded_lines": 0, "percent_statements_covered": 90.3225806451613, "percent_statements_covered_display": "90"}, "missing_lines": [53, 55, 57], "excluded_lines": [], "functions": {"log_event": {"executed_lines": [27, 28, 30, 36, 37, 40, 41, 44, 45, 46, 48, 50, 52, 54, 56, 59], "summary": {"covered_lines": 16, "num_statements": 19, "percent_covered": 84.21052631578948, "percent_covered_display": "84", "missing_lines": 3, "excluded_lines": 0, "percent_statements_covered": 84.21052631578948, "percent_statements_covered_display": "84"}, "missing_lines": [53, 55, 57], "excluded_lines": [], "start_line": 22}, "": {"executed_lines": [5, 6, 7, 8, 9, 12, 13, 16, 17, 18, 19, 22], "summary": {"covered_lines": 12, "num_statements": 12, "percent_covered": 100.0, "percent_covered_display": "100", "missing_lines": 0, "excluded_lines": 0, "percent_statements_covered": 100.0, "percent_statements_covered_display": "100"}, "missing_lines": [], "excluded_lines": [], "start_line": 1}}, "classes": {"": {"executed_lines": [5, 6, 7, 8, 9, 12, 13, 16, 17, 18, 19, 22, 27, 28, 30, 36, 37, 40, 41, 44, 45, 46, 48, 50, 52, 54, 56, 59], "summary": {"covered_lines": 28, "num_statements": 31, "percent_covered": 90.3225806451613, "percent_covered_display": "90", "missing_lines": 3, "excluded_lines": 0, "percent_statements_covered": 90.3225806451613, "percent_statements_covered_display": "90"}, "missing_lines": [53, 55, 57], "excluded_lines": [], "start_line": 1}}}, "app\\utils\\pricing.py": {"executed_lines": [12, 30, 32, 37, 41, 43, 45, 47], "summary": {"covered_lines": 8, "num_statements": 9, "percent_covered": 88.88888888888889, "percent_covered_display": "89", "missing_lines": 1, "excluded_lines": 0, "percent_statements_covered": 88.88888888888889, "percent_statements_covered_display": "89"}, "missing_lines": [38], "excluded_lines": [], "functions": {"calculate_cost_usd": {"executed_lines": [37, 41, 43, 45, 47], "summary": {"covered_lines": 5, "num_statements": 6, "percent_covered": 83.33333333333333, "percent_covered_display": "83", "missing_lines": 1, "excluded_lines": 0, "percent_statements_covered": 83.33333333333333, "percent_statements_covered_display": "83"}, "missing_lines": [38], "excluded_lines": [], "start_line": 32}, "": {"executed_lines": [12, 30, 32], "summary": {"covered_lines": 3, "num_statements": 3, "percent_covered": 100.0, "percent_covered_display": "100", "missing_lines": 0, "excluded_lines": 0, "percent_statements_covered": 100.0, "percent_statements_covered_display": "100"}, "missing_lines": [], "excluded_lines": [], "start_line": 1}}, "classes": {"": {"executed_lines": [12, 30, 32, 37, 41, 43, 45, 47], "summary": {"covered_lines": 8, "num_statements": 9, "percent_covered": 88.88888888888889, "percent_covered_display": "89", "missing_lines": 1, "excluded_lines": 0, "percent_statements_covered": 88.88888888888889, "percent_statements_covered_display": "89"}, "missing_lines": [38], "excluded_lines": [], "start_line": 1}}}, "app\\utils\\security.py": {"executed_lines": [], "summary": {"covered_lines": 0, "num_statements": 0, "percent_covered": 100.0, "percent_covered_display": "100", "missing_lines": 0, "excluded_lines": 0, "percent_statements_covered": 100.0, "percent_statements_covered_display": "100"}, "missing_lines": [], "excluded_lines": [], "functions": {"": {"executed_lines": [], "summary": {"covered_lines": 0, "num_statements": 0, "percent_covered": 100.0, "percent_covered_display": "100", "missing_lines": 0, "excluded_lines": 0, "percent_statements_covered": 100.0, "percent_statements_covered_display": "100"}, "missing_lines": [], "excluded_lines": [], "start_line": 1}}, "classes": {"": {"executed_lines": [], "summary": {"covered_lines": 0, "num_statements": 0, "percent_covered": 100.0, "percent_covered_display": "100", "missing_lines": 0, "excluded_lines": 0, "percent_statements_covered": 100.0, "percent_statements_covered_display": "100"}, "missing_lines": [], "excluded_lines": [], "start_line": 1}}}}, "totals": {"covered_lines": 987, "num_statements": 1699, "percent_covered": 58.09299587992937, "percent_covered_display": "58", "missing_lines": 712, "excluded_lines": 0, "percent_statements_covered": 58.09299587992937, "percent_statements_covered_display": "58"}}